<?xml version="1.0" encoding="UTF-8"?>
<coverage generated="1536796279131" clover="3.2.0">
  <project timestamp="1536796279131" name="All files">
    <metrics statements="386" coveredstatements="99" conditionals="210" coveredconditionals="17" methods="118" coveredmethods="12" elements="714" coveredelements="128" complexity="0" loc="386" ncloc="386" packages="18" files="31" classes="31">
      <package name="ClassDateTimePicker">
        <metrics statements="42" coveredstatements="14" conditionals="22" coveredconditionals="0" methods="18" coveredmethods="1"/>
        <file name="ClassDateTimePicker.js" path="/mnt/c/Users/rmcquen/slt-ui/src/ClassDateTimePicker/ClassDateTimePicker.js">
          <metrics statements="42" coveredstatements="14" conditionals="22" coveredconditionals="0" methods="18" coveredmethods="1"/>
          <line num="26" count="1" type="stmt"/>
          <line num="28" count="1" type="stmt"/>
          <line num="39" count="1" type="stmt"/>
          <line num="44" count="1" type="stmt"/>
          <line num="45" count="0" type="stmt"/>
          <line num="48" count="1" type="stmt"/>
          <line num="49" count="1" type="stmt"/>
          <line num="50" count="1" type="stmt"/>
          <line num="54" count="1" type="stmt"/>
          <line num="59" count="2" type="stmt"/>
          <line num="67" count="1" type="stmt"/>
          <line num="80" count="1" type="stmt"/>
          <line num="81" count="1" type="stmt"/>
          <line num="89" count="0" type="stmt"/>
          <line num="90" count="0" type="cond" truecount="0" falsecount="2"/>
          <line num="92" count="0" type="stmt"/>
          <line num="94" count="0" type="stmt"/>
          <line num="95" count="0" type="stmt"/>
          <line num="97" count="0" type="cond" truecount="0" falsecount="2"/>
          <line num="99" count="0" type="stmt"/>
          <line num="100" count="0" type="cond" truecount="0" falsecount="4"/>
          <line num="101" count="0" type="stmt"/>
          <line num="102" count="0" type="stmt"/>
          <line num="107" count="0" type="stmt"/>
          <line num="111" count="0" type="stmt"/>
          <line num="112" count="0" type="stmt"/>
          <line num="118" count="0" type="cond" truecount="0" falsecount="2"/>
          <line num="119" count="0" type="stmt"/>
          <line num="127" count="0" type="stmt"/>
          <line num="133" count="0" type="cond" truecount="0" falsecount="2"/>
          <line num="134" count="0" type="stmt"/>
          <line num="136" count="0" type="stmt"/>
          <line num="139" count="0" type="stmt"/>
          <line num="142" count="0" type="cond" truecount="0" falsecount="2"/>
          <line num="144" count="0" type="stmt"/>
          <line num="153" count="0" type="stmt"/>
          <line num="154" count="0" type="stmt"/>
          <line num="166" count="0" type="stmt"/>
          <line num="168" count="0" type="stmt"/>
          <line num="266" count="1" type="stmt"/>
          <line num="273" count="1" type="stmt"/>
          <line num="275" count="0" type="stmt"/>
        </file>
      </package>
      <package name="ComparisonChart.ComparisonBar">
        <metrics statements="15" coveredstatements="3" conditionals="15" coveredconditionals="0" methods="6" coveredmethods="0"/>
        <file name="ComparisonBar.js" path="/mnt/c/Users/rmcquen/slt-ui/src/ComparisonChart/ComparisonBar/ComparisonBar.js">
          <metrics statements="15" coveredstatements="3" conditionals="15" coveredconditionals="0" methods="6" coveredmethods="0"/>
          <line num="18" count="1" type="stmt"/>
          <line num="22" count="0" type="stmt"/>
          <line num="31" count="0" type="stmt"/>
          <line num="33" count="0" type="cond" truecount="0" falsecount="3"/>
          <line num="35" count="0" type="stmt"/>
          <line num="46" count="0" type="stmt"/>
          <line num="75" count="0" type="cond" truecount="0" falsecount="2"/>
          <line num="78" count="0" type="cond" truecount="0" falsecount="2"/>
          <line num="80" count="0" type="stmt"/>
          <line num="99" count="0" type="stmt"/>
          <line num="136" count="1" type="stmt"/>
          <line num="140" count="1" type="stmt"/>
          <line num="145" count="0" type="cond" truecount="0" falsecount="2"/>
          <line num="146" count="0" type="stmt"/>
          <line num="151" count="0" type="stmt"/>
        </file>
      </package>
      <package name="ComparisonChart.ComparisonCheckbox">
        <metrics statements="15" coveredstatements="3" conditionals="12" coveredconditionals="0" methods="3" coveredmethods="0"/>
        <file name="ComparisonCheckbox.js" path="/mnt/c/Users/rmcquen/slt-ui/src/ComparisonChart/ComparisonCheckbox/ComparisonCheckbox.js">
          <metrics statements="15" coveredstatements="3" conditionals="12" coveredconditionals="0" methods="3" coveredmethods="0"/>
          <line num="12" count="1" type="stmt"/>
          <line num="16" count="0" type="cond" truecount="0" falsecount="1"/>
          <line num="17" count="0" type="stmt"/>
          <line num="24" count="0" type="stmt"/>
          <line num="42" count="1" type="stmt"/>
          <line num="48" count="1" type="stmt"/>
          <line num="54" count="0" type="cond" truecount="0" falsecount="2"/>
          <line num="55" count="0" type="stmt"/>
          <line num="58" count="0" type="cond" truecount="0" falsecount="2"/>
          <line num="59" count="0" type="stmt"/>
          <line num="60" count="0" type="cond" truecount="0" falsecount="2"/>
          <line num="61" count="0" type="stmt"/>
          <line num="62" count="0" type="stmt"/>
          <line num="67" count="0" type="cond" truecount="0" falsecount="3"/>
          <line num="68" count="0" type="stmt"/>
        </file>
      </package>
      <package name="ComparisonChart.ComparisonTable">
        <metrics statements="63" coveredstatements="8" conditionals="49" coveredconditionals="0" methods="15" coveredmethods="0"/>
        <file name="ComparisonTable.js" path="/mnt/c/Users/rmcquen/slt-ui/src/ComparisonChart/ComparisonTable/ComparisonTable.js">
          <metrics statements="63" coveredstatements="8" conditionals="49" coveredconditionals="0" methods="15" coveredmethods="0"/>
          <line num="24" count="2" type="stmt"/>
          <line num="26" count="2" type="stmt"/>
          <line num="32" count="2" type="stmt"/>
          <line num="38" count="2" type="stmt"/>
          <line num="45" count="2" type="stmt"/>
          <line num="69" count="2" type="stmt"/>
          <line num="82" count="0" type="stmt"/>
          <line num="83" count="0" type="cond" truecount="0" falsecount="2"/>
          <line num="90" count="0" type="stmt"/>
          <line num="92" count="0" type="stmt"/>
          <line num="93" count="0" type="stmt"/>
          <line num="95" count="0" type="cond" truecount="0" falsecount="2"/>
          <line num="97" count="0" type="stmt"/>
          <line num="98" count="0" type="cond" truecount="0" falsecount="4"/>
          <line num="99" count="0" type="stmt"/>
          <line num="100" count="0" type="stmt"/>
          <line num="101" count="0" type="stmt"/>
          <line num="107" count="0" type="cond" truecount="0" falsecount="4"/>
          <line num="108" count="0" type="stmt"/>
          <line num="116" count="0" type="stmt"/>
          <line num="120" count="0" type="cond" truecount="0" falsecount="4"/>
          <line num="121" count="0" type="stmt"/>
          <line num="123" count="0" type="stmt"/>
          <line num="127" count="0" type="cond" truecount="0" falsecount="2"/>
          <line num="131" count="0" type="stmt"/>
          <line num="132" count="0" type="stmt"/>
          <line num="133" count="0" type="stmt"/>
          <line num="134" count="0" type="cond" truecount="0" falsecount="2"/>
          <line num="136" count="0" type="stmt"/>
          <line num="141" count="0" type="stmt"/>
          <line num="143" count="0" type="cond" truecount="0" falsecount="2"/>
          <line num="144" count="0" type="stmt"/>
          <line num="146" count="0" type="stmt"/>
          <line num="178" count="0" type="stmt"/>
          <line num="222" count="0" type="stmt"/>
          <line num="223" count="0" type="cond" truecount="0" falsecount="2"/>
          <line num="234" count="0" type="stmt"/>
          <line num="262" count="0" type="stmt"/>
          <line num="281" count="0" type="cond" truecount="0" falsecount="2"/>
          <line num="312" count="0" type="stmt"/>
          <line num="315" count="0" type="cond" truecount="0" falsecount="2"/>
          <line num="316" count="0" type="stmt"/>
          <line num="317" count="0" type="stmt"/>
          <line num="319" count="0" type="stmt"/>
          <line num="345" count="0" type="stmt"/>
          <line num="351" count="0" type="stmt"/>
          <line num="352" count="0" type="cond" truecount="0" falsecount="2"/>
          <line num="357" count="0" type="cond" truecount="0" falsecount="2"/>
          <line num="358" count="0" type="stmt"/>
          <line num="368" count="0" type="cond" truecount="0" falsecount="2"/>
          <line num="375" count="0" type="stmt"/>
          <line num="388" count="0" type="stmt"/>
          <line num="391" count="0" type="cond" truecount="0" falsecount="2"/>
          <line num="392" count="0" type="stmt"/>
          <line num="393" count="0" type="stmt"/>
          <line num="400" count="0" type="cond" truecount="0" falsecount="2"/>
          <line num="404" count="0" type="stmt"/>
          <line num="410" count="0" type="stmt"/>
          <line num="444" count="2" type="stmt"/>
          <line num="447" count="2" type="stmt"/>
          <line num="452" count="0" type="cond" truecount="0" falsecount="2"/>
          <line num="453" count="0" type="stmt"/>
          <line num="458" count="0" type="stmt"/>
        </file>
      </package>
      <package name="ComparisonChart.services">
        <metrics statements="1" coveredstatements="1" conditionals="0" coveredconditionals="0" methods="0" coveredmethods="0"/>
        <file name="index.js" path="/mnt/c/Users/rmcquen/slt-ui/src/ComparisonChart/services/index.js">
          <metrics statements="1" coveredstatements="1" conditionals="0" coveredconditionals="0" methods="0" coveredmethods="0"/>
          <line num="6" count="3" type="stmt"/>
        </file>
      </package>
      <package name="ComparisonChart.services.actions">
        <metrics statements="14" coveredstatements="7" conditionals="2" coveredconditionals="0" methods="8" coveredmethods="0"/>
        <file name="index.js" path="/mnt/c/Users/rmcquen/slt-ui/src/ComparisonChart/services/actions/index.js">
          <metrics statements="0" coveredstatements="0" conditionals="0" coveredconditionals="0" methods="0" coveredmethods="0"/>
        </file>
        <file name="productComparisonActions.js" path="/mnt/c/Users/rmcquen/slt-ui/src/ComparisonChart/services/actions/productComparisonActions.js">
          <metrics statements="14" coveredstatements="7" conditionals="2" coveredconditionals="0" methods="8" coveredmethods="0"/>
          <line num="1" count="3" type="stmt"/>
          <line num="5" count="3" type="stmt"/>
          <line num="10" count="3" type="stmt"/>
          <line num="15" count="3" type="stmt"/>
          <line num="20" count="3" type="stmt"/>
          <line num="26" count="3" type="stmt"/>
          <line num="28" count="3" type="stmt"/>
          <line num="29" count="0" type="stmt"/>
          <line num="30" count="0" type="cond" truecount="0" falsecount="2"/>
          <line num="31" count="0" type="stmt"/>
          <line num="33" count="0" type="stmt"/>
          <line num="35" count="0" type="stmt"/>
          <line num="36" count="0" type="stmt"/>
          <line num="37" count="0" type="stmt"/>
        </file>
      </package>
      <package name="ComparisonChart.services.reducers">
        <metrics statements="15" coveredstatements="5" conditionals="15" coveredconditionals="5" methods="2" coveredmethods="1"/>
        <file name="index.js" path="/mnt/c/Users/rmcquen/slt-ui/src/ComparisonChart/services/reducers/index.js">
          <metrics statements="0" coveredstatements="0" conditionals="0" coveredconditionals="0" methods="0" coveredmethods="0"/>
        </file>
        <file name="productComparisonReducer.js" path="/mnt/c/Users/rmcquen/slt-ui/src/ComparisonChart/services/reducers/productComparisonReducer.js">
          <metrics statements="15" coveredstatements="5" conditionals="15" coveredconditionals="5" methods="2" coveredmethods="1"/>
          <line num="1" count="3" type="cond" truecount="1" falsecount="0"/>
          <line num="2" count="9" type="cond" truecount="1" falsecount="1"/>
          <line num="3" count="9" type="cond" truecount="2" falsecount="0"/>
          <line num="5" count="9" type="cond" truecount="1" falsecount="5"/>
          <line num="7" count="0" type="stmt"/>
          <line num="12" count="0" type="stmt"/>
          <line num="13" count="0" type="cond" truecount="0" falsecount="2"/>
          <line num="14" count="0" type="stmt"/>
          <line num="15" count="0" type="stmt"/>
          <line num="19" count="0" type="stmt"/>
          <line num="25" count="0" type="stmt"/>
          <line num="29" count="0" type="stmt"/>
          <line num="33" count="0" type="stmt"/>
          <line num="39" count="0" type="stmt"/>
          <line num="48" count="9" type="stmt"/>
        </file>
      </package>
      <package name="LocationButton">
        <metrics statements="20" coveredstatements="3" conditionals="5" coveredconditionals="0" methods="6" coveredmethods="0"/>
        <file name="LocationButton.js" path="/mnt/c/Users/rmcquen/slt-ui/src/LocationButton/LocationButton.js">
          <metrics statements="20" coveredstatements="3" conditionals="5" coveredconditionals="0" methods="6" coveredmethods="0"/>
          <line num="11" count="2" type="stmt"/>
          <line num="12" count="0" type="stmt"/>
          <line num="28" count="0" type="stmt"/>
          <line num="29" count="0" type="stmt"/>
          <line num="32" count="0" type="stmt"/>
          <line num="33" count="0" type="stmt"/>
          <line num="34" count="0" type="stmt"/>
          <line num="37" count="0" type="stmt"/>
          <line num="44" count="0" type="stmt"/>
          <line num="50" count="0" type="stmt"/>
          <line num="51" count="0" type="cond" truecount="0" falsecount="2"/>
          <line num="52" count="0" type="stmt"/>
          <line num="63" count="0" type="stmt"/>
          <line num="64" count="0" type="cond" truecount="0" falsecount="1"/>
          <line num="65" count="0" type="stmt"/>
          <line num="66" count="0" type="cond" truecount="0" falsecount="2"/>
          <line num="67" count="0" type="stmt"/>
          <line num="69" count="0" type="stmt"/>
          <line num="83" count="2" type="stmt"/>
          <line num="86" count="2" type="stmt"/>
        </file>
        <file name="index.js" path="/mnt/c/Users/rmcquen/slt-ui/src/LocationButton/index.js">
          <metrics statements="0" coveredstatements="0" conditionals="0" coveredconditionals="0" methods="0" coveredmethods="0"/>
        </file>
      </package>
      <package name="LocationField">
        <metrics statements="27" coveredstatements="2" conditionals="8" coveredconditionals="0" methods="7" coveredmethods="0"/>
        <file name="LocationField.js" path="/mnt/c/Users/rmcquen/slt-ui/src/LocationField/LocationField.js">
          <metrics statements="27" coveredstatements="2" conditionals="8" coveredconditionals="0" methods="7" coveredmethods="0"/>
          <line num="11" count="2" type="stmt"/>
          <line num="12" count="0" type="stmt"/>
          <line num="13" count="0" type="stmt"/>
          <line num="40" count="0" type="stmt"/>
          <line num="41" count="0" type="stmt"/>
          <line num="46" count="0" type="stmt"/>
          <line num="47" count="0" type="stmt"/>
          <line num="50" count="0" type="stmt"/>
          <line num="51" count="0" type="stmt"/>
          <line num="52" count="0" type="cond" truecount="0" falsecount="2"/>
          <line num="53" count="0" type="stmt"/>
          <line num="61" count="0" type="stmt"/>
          <line num="62" count="0" type="stmt"/>
          <line num="65" count="0" type="stmt"/>
          <line num="66" count="0" type="stmt"/>
          <line num="67" count="0" type="cond" truecount="0" falsecount="2"/>
          <line num="68" count="0" type="cond" truecount="0" falsecount="2"/>
          <line num="69" count="0" type="stmt"/>
          <line num="71" count="0" type="stmt"/>
          <line num="74" count="0" type="cond" truecount="0" falsecount="2"/>
          <line num="75" count="0" type="stmt"/>
          <line num="77" count="0" type="stmt"/>
          <line num="81" count="0" type="stmt"/>
          <line num="82" count="0" type="stmt"/>
          <line num="83" count="0" type="stmt"/>
          <line num="118" count="2" type="stmt"/>
          <line num="125" count="0" type="stmt"/>
        </file>
        <file name="index.js" path="/mnt/c/Users/rmcquen/slt-ui/src/LocationField/index.js">
          <metrics statements="0" coveredstatements="0" conditionals="0" coveredconditionals="0" methods="0" coveredmethods="0"/>
        </file>
      </package>
      <package name="StoreCard">
        <metrics statements="12" coveredstatements="2" conditionals="17" coveredconditionals="0" methods="3" coveredmethods="0"/>
        <file name="StoreCard.js" path="/mnt/c/Users/rmcquen/slt-ui/src/StoreCard/StoreCard.js">
          <metrics statements="12" coveredstatements="2" conditionals="17" coveredconditionals="0" methods="3" coveredmethods="0"/>
          <line num="10" count="3" type="stmt"/>
          <line num="25" count="0" type="stmt"/>
          <line num="37" count="0" type="stmt"/>
          <line num="41" count="0" type="cond" truecount="0" falsecount="2"/>
          <line num="42" count="0" type="stmt"/>
          <line num="43" count="0" type="stmt"/>
          <line num="44" count="0" type="cond" truecount="0" falsecount="2"/>
          <line num="45" count="0" type="stmt"/>
          <line num="54" count="0" type="cond" truecount="0" falsecount="4"/>
          <line num="55" count="0" type="stmt"/>
          <line num="64" count="0" type="stmt"/>
          <line num="120" count="3" type="stmt"/>
        </file>
        <file name="index.js" path="/mnt/c/Users/rmcquen/slt-ui/src/StoreCard/index.js">
          <metrics statements="0" coveredstatements="0" conditionals="0" coveredconditionals="0" methods="0" coveredmethods="0"/>
        </file>
      </package>
      <package name="StoreList">
        <metrics statements="21" coveredstatements="4" conditionals="15" coveredconditionals="0" methods="5" coveredmethods="0"/>
        <file name="StoreList.js" path="/mnt/c/Users/rmcquen/slt-ui/src/StoreList/StoreList.js">
          <metrics statements="21" coveredstatements="4" conditionals="15" coveredconditionals="0" methods="5" coveredmethods="0"/>
          <line num="13" count="2" type="stmt"/>
          <line num="14" count="0" type="stmt"/>
          <line num="30" count="0" type="stmt"/>
          <line num="34" count="0" type="cond" truecount="0" falsecount="1"/>
          <line num="36" count="0" type="cond" truecount="0" falsecount="2"/>
          <line num="37" count="0" type="stmt"/>
          <line num="39" count="0" type="stmt"/>
          <line num="40" count="0" type="stmt"/>
          <line num="41" count="0" type="stmt"/>
          <line num="65" count="0" type="cond" truecount="0" falsecount="2"/>
          <line num="66" count="0" type="stmt"/>
          <line num="68" count="0" type="stmt"/>
          <line num="71" count="0" type="cond" truecount="0" falsecount="2"/>
          <line num="72" count="0" type="stmt"/>
          <line num="85" count="0" type="stmt"/>
          <line num="96" count="2" type="stmt"/>
          <line num="102" count="2" type="stmt"/>
          <line num="108" count="2" type="stmt"/>
          <line num="109" count="0" type="stmt"/>
          <line num="111" count="0" type="cond" truecount="0" falsecount="2"/>
          <line num="115" count="0" type="stmt"/>
        </file>
        <file name="index.js" path="/mnt/c/Users/rmcquen/slt-ui/src/StoreList/index.js">
          <metrics statements="0" coveredstatements="0" conditionals="0" coveredconditionals="0" methods="0" coveredmethods="0"/>
        </file>
      </package>
      <package name="StoreList.selectors">
        <metrics statements="20" coveredstatements="1" conditionals="9" coveredconditionals="0" methods="5" coveredmethods="0"/>
        <file name="index.js" path="/mnt/c/Users/rmcquen/slt-ui/src/StoreList/selectors/index.js">
          <metrics statements="20" coveredstatements="1" conditionals="9" coveredconditionals="0" methods="5" coveredmethods="0"/>
          <line num="8" count="0" type="stmt"/>
          <line num="9" count="0" type="stmt"/>
          <line num="10" count="0" type="stmt"/>
          <line num="11" count="0" type="stmt"/>
          <line num="13" count="0" type="stmt"/>
          <line num="15" count="0" type="stmt"/>
          <line num="16" count="0" type="stmt"/>
          <line num="17" count="0" type="stmt"/>
          <line num="18" count="0" type="cond" truecount="0" falsecount="2"/>
          <line num="19" count="0" type="stmt"/>
          <line num="21" count="0" type="cond" truecount="0" falsecount="2"/>
          <line num="22" count="0" type="stmt"/>
          <line num="24" count="0" type="stmt"/>
          <line num="27" count="0" type="stmt"/>
          <line num="29" count="0" type="stmt"/>
          <line num="39" count="0" type="stmt"/>
          <line num="41" count="2" type="stmt"/>
          <line num="44" count="0" type="cond" truecount="0" falsecount="2"/>
          <line num="45" count="0" type="stmt"/>
          <line num="47" count="0" type="stmt"/>
        </file>
      </package>
      <package name="StoreProvider">
        <metrics statements="4" coveredstatements="4" conditionals="0" coveredconditionals="0" methods="1" coveredmethods="1"/>
        <file name="StoreProvider.js" path="/mnt/c/Users/rmcquen/slt-ui/src/StoreProvider/StoreProvider.js">
          <metrics statements="4" coveredstatements="4" conditionals="0" coveredconditionals="0" methods="1" coveredmethods="1"/>
          <line num="6" count="10" type="stmt"/>
          <line num="8" count="10" type="stmt"/>
          <line num="9" count="10" type="stmt"/>
          <line num="14" count="10" type="stmt"/>
        </file>
        <file name="index.js" path="/mnt/c/Users/rmcquen/slt-ui/src/StoreProvider/index.js">
          <metrics statements="0" coveredstatements="0" conditionals="0" coveredconditionals="0" methods="0" coveredmethods="0"/>
        </file>
      </package>
      <package name="StoreSelector">
        <metrics statements="34" coveredstatements="4" conditionals="8" coveredconditionals="0" methods="9" coveredmethods="0"/>
        <file name="StoreSelector.js" path="/mnt/c/Users/rmcquen/slt-ui/src/StoreSelector/StoreSelector.js">
          <metrics statements="34" coveredstatements="4" conditionals="8" coveredconditionals="0" methods="9" coveredmethods="0"/>
          <line num="22" count="1" type="stmt"/>
          <line num="23" count="0" type="stmt"/>
          <line num="50" count="0" type="stmt"/>
          <line num="51" count="0" type="stmt"/>
          <line num="56" count="0" type="stmt"/>
          <line num="57" count="0" type="stmt"/>
          <line num="58" count="0" type="stmt"/>
          <line num="59" count="0" type="stmt"/>
          <line num="60" count="0" type="stmt"/>
          <line num="61" count="0" type="stmt"/>
          <line num="64" count="0" type="stmt"/>
          <line num="69" count="0" type="stmt"/>
          <line num="72" count="0" type="stmt"/>
          <line num="73" count="0" type="stmt"/>
          <line num="74" count="0" type="cond" truecount="0" falsecount="4"/>
          <line num="75" count="0" type="stmt"/>
          <line num="76" count="0" type="stmt"/>
          <line num="78" count="0" type="stmt"/>
          <line num="81" count="0" type="stmt"/>
          <line num="82" count="0" type="stmt"/>
          <line num="83" count="0" type="stmt"/>
          <line num="85" count="0" type="stmt"/>
          <line num="88" count="0" type="stmt"/>
          <line num="89" count="0" type="stmt"/>
          <line num="92" count="0" type="stmt"/>
          <line num="148" count="0" type="cond" truecount="0" falsecount="2"/>
          <line num="149" count="0" type="stmt"/>
          <line num="164" count="0" type="stmt"/>
          <line num="165" count="0" type="stmt"/>
          <line num="190" count="0" type="stmt"/>
          <line num="199" count="1" type="stmt"/>
          <line num="202" count="1" type="stmt"/>
          <line num="204" count="1" type="stmt"/>
          <line num="205" count="0" type="stmt"/>
        </file>
      </package>
      <package name="services.google-maps">
        <metrics statements="18" coveredstatements="6" conditionals="4" coveredconditionals="2" methods="7" coveredmethods="0"/>
        <file name="actions.js" path="/mnt/c/Users/rmcquen/slt-ui/src/services/google-maps/actions.js">
          <metrics statements="16" coveredstatements="4" conditionals="4" coveredconditionals="2" methods="7" coveredmethods="0"/>
          <line num="4" count="4" type="cond" truecount="2" falsecount="0"/>
          <line num="5" count="4" type="stmt"/>
          <line num="17" count="4" type="stmt"/>
          <line num="18" count="0" type="stmt"/>
          <line num="19" count="0" type="stmt"/>
          <line num="21" count="0" type="stmt"/>
          <line num="25" count="0" type="stmt"/>
          <line num="26" count="0" type="stmt"/>
          <line num="29" count="0" type="stmt"/>
          <line num="30" count="0" type="stmt"/>
          <line num="39" count="4" type="stmt"/>
          <line num="40" count="0" type="stmt"/>
          <line num="41" count="0" type="stmt"/>
          <line num="42" count="0" type="stmt"/>
          <line num="46" count="0" type="stmt"/>
          <line num="47" count="0" type="stmt"/>
        </file>
        <file name="index.js" path="/mnt/c/Users/rmcquen/slt-ui/src/services/google-maps/index.js">
          <metrics statements="2" coveredstatements="2" conditionals="0" coveredconditionals="0" methods="0" coveredmethods="0"/>
          <line num="6" count="4" type="stmt"/>
          <line num="15" count="4" type="stmt"/>
        </file>
      </package>
      <package name="services.slt-class-times">
        <metrics statements="10" coveredstatements="4" conditionals="2" coveredconditionals="0" methods="5" coveredmethods="0"/>
        <file name="actions.js" path="/mnt/c/Users/rmcquen/slt-ui/src/services/slt-class-times/actions.js">
          <metrics statements="8" coveredstatements="2" conditionals="2" coveredconditionals="0" methods="5" coveredmethods="0"/>
          <line num="11" count="1" type="cond" truecount="0" falsecount="2"/>
          <line num="13" count="1" type="stmt"/>
          <line num="14" count="0" type="stmt"/>
          <line num="17" count="0" type="stmt"/>
          <line num="19" count="0" type="stmt"/>
          <line num="20" count="0" type="stmt"/>
          <line num="21" count="0" type="stmt"/>
          <line num="22" count="0" type="stmt"/>
        </file>
        <file name="dummyData.js" path="/mnt/c/Users/rmcquen/slt-ui/src/services/slt-class-times/dummyData.js">
          <metrics statements="0" coveredstatements="0" conditionals="0" coveredconditionals="0" methods="0" coveredmethods="0"/>
        </file>
        <file name="index.js" path="/mnt/c/Users/rmcquen/slt-ui/src/services/slt-class-times/index.js">
          <metrics statements="2" coveredstatements="2" conditionals="0" coveredconditionals="0" methods="0" coveredmethods="0"/>
          <line num="6" count="1" type="stmt"/>
          <line num="14" count="1" type="stmt"/>
        </file>
      </package>
      <package name="services.slt-stores">
        <metrics statements="42" coveredstatements="18" conditionals="17" coveredconditionals="5" methods="13" coveredmethods="5"/>
        <file name="actions.js" path="/mnt/c/Users/rmcquen/slt-ui/src/services/slt-stores/actions.js">
          <metrics statements="26" coveredstatements="8" conditionals="13" coveredconditionals="5" methods="5" coveredmethods="2"/>
          <line num="5" count="2" type="cond" truecount="2" falsecount="0"/>
          <line num="6" count="2" type="stmt"/>
          <line num="9" count="0" type="stmt"/>
          <line num="11" count="0" type="cond" truecount="0" falsecount="6"/>
          <line num="12" count="0" type="stmt"/>
          <line num="13" count="0" type="stmt"/>
          <line num="14" count="0" type="stmt"/>
          <line num="18" count="0" type="stmt"/>
          <line num="20" count="0" type="stmt"/>
          <line num="21" count="0" type="stmt"/>
          <line num="22" count="0" type="stmt"/>
          <line num="24" count="0" type="stmt"/>
          <line num="25" count="0" type="stmt"/>
          <line num="27" count="0" type="stmt"/>
          <line num="29" count="0" type="stmt"/>
          <line num="32" count="2" type="cond" truecount="1" falsecount="0"/>
          <line num="33" count="2" type="stmt"/>
          <line num="34" count="2" type="stmt"/>
          <line num="35" count="2" type="cond" truecount="2" falsecount="2"/>
          <line num="36" count="2" type="stmt"/>
          <line num="37" count="2" type="stmt"/>
          <line num="38" count="0" type="stmt"/>
          <line num="40" count="0" type="stmt"/>
          <line num="41" count="0" type="stmt"/>
          <line num="42" count="0" type="stmt"/>
          <line num="45" count="0" type="stmt"/>
        </file>
        <file name="filters.js" path="/mnt/c/Users/rmcquen/slt-ui/src/services/slt-stores/filters.js">
          <metrics statements="7" coveredstatements="2" conditionals="4" coveredconditionals="0" methods="4" coveredmethods="0"/>
          <line num="1" count="2" type="cond" truecount="0" falsecount="1"/>
          <line num="2" count="0" type="stmt"/>
          <line num="3" count="0" type="cond" truecount="0" falsecount="2"/>
          <line num="7" count="2" type="cond" truecount="0" falsecount="1"/>
          <line num="8" count="0" type="stmt"/>
          <line num="9" count="0" type="stmt"/>
          <line num="10" count="0" type="stmt"/>
        </file>
        <file name="index.js" path="/mnt/c/Users/rmcquen/slt-ui/src/services/slt-stores/index.js">
          <metrics statements="3" coveredstatements="3" conditionals="0" coveredconditionals="0" methods="0" coveredmethods="0"/>
          <line num="8" count="2" type="stmt"/>
          <line num="19" count="2" type="stmt"/>
          <line num="20" count="2" type="stmt"/>
        </file>
        <file name="selectors.js" path="/mnt/c/Users/rmcquen/slt-ui/src/services/slt-stores/selectors.js">
          <metrics statements="6" coveredstatements="5" conditionals="0" coveredconditionals="0" methods="4" coveredmethods="3"/>
          <line num="4" count="4" type="stmt"/>
          <line num="6" count="2" type="stmt"/>
          <line num="7" count="2" type="stmt"/>
          <line num="9" count="2" type="stmt"/>
          <line num="10" count="2" type="stmt"/>
          <line num="12" count="0" type="stmt"/>
        </file>
      </package>
      <package name="utils.storeTools">
        <metrics statements="13" coveredstatements="10" conditionals="10" coveredconditionals="5" methods="5" coveredmethods="4"/>
        <file name="index.js" path="/mnt/c/Users/rmcquen/slt-ui/src/utils/storeTools/index.js">
          <metrics statements="13" coveredstatements="10" conditionals="10" coveredconditionals="5" methods="5" coveredmethods="4"/>
          <line num="5" count="10" type="cond" truecount="2" falsecount="0"/>
          <line num="7" count="10" type="cond" truecount="1" falsecount="1"/>
          <line num="9" count="10" type="stmt"/>
          <line num="15" count="10" type="stmt"/>
          <line num="16" count="10" type="stmt"/>
          <line num="17" count="10" type="cond" truecount="1" falsecount="1"/>
          <line num="21" count="10" type="cond" truecount="1" falsecount="1"/>
          <line num="22" count="10" type="stmt"/>
          <line num="27" count="10" type="stmt"/>
          <line num="32" count="10" type="stmt"/>
          <line num="36" count="0" type="stmt"/>
          <line num="37" count="0" type="stmt"/>
          <line num="39" count="0" type="stmt"/>
        </file>
      </package>
    </metrics>
  </project>
</coverage>
