{"/mnt/c/Users/rmcquen/slt-ui/src/ComparisonChart/ComparisonBar/ComparisonBar.js": {"path":"/mnt/c/Users/rmcquen/slt-ui/src/ComparisonChart/ComparisonBar/ComparisonBar.js","statementMap":{"0":{"start":{"line":18,"column":14},"end":{"line":18,"column":32}},"1":{"start":{"line":22,"column":16},"end":{"line":22,"column":26}},"2":{"start":{"line":31,"column":20},"end":{"line":33,"column":80}},"3":{"start":{"line":33,"column":27},"end":{"line":33,"column":79}},"4":{"start":{"line":35,"column":2},"end":{"line":132,"column":4}},"5":{"start":{"line":46,"column":8},"end":{"line":46,"column":60}},"6":{"start":{"line":75,"column":29},"end":{"line":77,"column":17}},"7":{"start":{"line":78,"column":27},"end":{"line":78,"column":43}},"8":{"start":{"line":80,"column":9},"end":{"line":126,"column":11}},"9":{"start":{"line":99,"column":16},"end":{"line":101,"column":18}},"10":{"start":{"line":136,"column":0},"end":{"line":138,"column":2}},"11":{"start":{"line":140,"column":0},"end":{"line":142,"column":2}},"12":{"start":{"line":145,"column":1},"end":{"line":155,"column":2}},"13":{"start":{"line":146,"column":2},"end":{"line":149,"column":4}},"14":{"start":{"line":151,"column":2},"end":{"line":154,"column":4}}},"fnMap":{"0":{"name":"(anonymous_0)","decl":{"start":{"line":21,"column":1},"end":{"line":21,"column":2}},"loc":{"start":{"line":21,"column":10},"end":{"line":133,"column":2}},"line":21},"1":{"name":"(anonymous_1)","decl":{"start":{"line":33,"column":8},"end":{"line":33,"column":9}},"loc":{"start":{"line":33,"column":27},"end":{"line":33,"column":79}},"line":33},"2":{"name":"(anonymous_2)","decl":{"start":{"line":45,"column":11},"end":{"line":45,"column":12}},"loc":{"start":{"line":46,"column":8},"end":{"line":46,"column":60}},"line":46},"3":{"name":"(anonymous_3)","decl":{"start":{"line":70,"column":22},"end":{"line":70,"column":23}},"loc":{"start":{"line":70,"column":42},"end":{"line":127,"column":9}},"line":70},"4":{"name":"(anonymous_4)","decl":{"start":{"line":98,"column":24},"end":{"line":98,"column":25}},"loc":{"start":{"line":98,"column":44},"end":{"line":102,"column":16}},"line":98},"5":{"name":"(anonymous_5)","decl":{"start":{"line":144,"column":23},"end":{"line":144,"column":24}},"loc":{"start":{"line":144,"column":41},"end":{"line":156,"column":1}},"line":144}},"branchMap":{"0":{"loc":{"start":{"line":33,"column":27},"end":{"line":33,"column":79}},"type":"binary-expr","locations":[{"start":{"line":33,"column":28},"end":{"line":33,"column":43}},{"start":{"line":33,"column":47},"end":{"line":33,"column":69}},{"start":{"line":33,"column":74},"end":{"line":33,"column":79}}],"line":33},"1":{"loc":{"start":{"line":69,"column":8},"end":{"line":127,"column":10}},"type":"binary-expr","locations":[{"start":{"line":69,"column":8},"end":{"line":69,"column":17}},{"start":{"line":70,"column":8},"end":{"line":127,"column":10}}],"line":69},"2":{"loc":{"start":{"line":75,"column":29},"end":{"line":77,"column":17}},"type":"cond-expr","locations":[{"start":{"line":76,"column":12},"end":{"line":76,"column":44}},{"start":{"line":77,"column":12},"end":{"line":77,"column":17}}],"line":75},"3":{"loc":{"start":{"line":78,"column":27},"end":{"line":78,"column":43}},"type":"binary-expr","locations":[{"start":{"line":78,"column":27},"end":{"line":78,"column":37}},{"start":{"line":78,"column":41},"end":{"line":78,"column":43}}],"line":78},"4":{"loc":{"start":{"line":84,"column":12},"end":{"line":88,"column":35}},"type":"cond-expr","locations":[{"start":{"line":85,"column":15},"end":{"line":87,"column":17}},{"start":{"line":88,"column":15},"end":{"line":88,"column":35}}],"line":84},"5":{"loc":{"start":{"line":94,"column":14},"end":{"line":122,"column":14}},"type":"cond-expr","locations":[{"start":{"line":95,"column":14},"end":{"line":115,"column":22}},{"start":{"line":117,"column":14},"end":{"line":121,"column":16}}],"line":94},"6":{"loc":{"start":{"line":145,"column":1},"end":{"line":155,"column":2}},"type":"if","locations":[{"start":{"line":145,"column":1},"end":{"line":155,"column":2}},{"start":{"line":145,"column":1},"end":{"line":155,"column":2}}],"line":145}},"s":{"0":1,"1":0,"2":0,"3":0,"4":0,"5":0,"6":0,"7":0,"8":0,"9":0,"10":1,"11":1,"12":0,"13":0,"14":0},"f":{"0":0,"1":0,"2":0,"3":0,"4":0,"5":0},"b":{"0":[0,0,0],"1":[0,0],"2":[0,0],"3":[0,0],"4":[0,0],"5":[0,0],"6":[0,0]},"_coverageSchema":"332fd63041d2c1bcb487cc26dd0d5f7d97098a6c","hash":"213256416d5a7c04787b83cda19a895b25b2120f"}
,"/mnt/c/Users/rmcquen/slt-ui/src/ComparisonChart/ComparisonCheckbox/ComparisonCheckbox.js": {"path":"/mnt/c/Users/rmcquen/slt-ui/src/ComparisonChart/ComparisonCheckbox/ComparisonCheckbox.js","statementMap":{"0":{"start":{"line":12,"column":14},"end":{"line":12,"column":32}},"1":{"start":{"line":16,"column":57},"end":{"line":16,"column":67}},"2":{"start":{"line":17,"column":2},"end":{"line":38,"column":4}},"3":{"start":{"line":24,"column":9},"end":{"line":24,"column":66}},"4":{"start":{"line":42,"column":0},"end":{"line":46,"column":2}},"5":{"start":{"line":48,"column":0},"end":{"line":51,"column":2}},"6":{"start":{"line":54,"column":17},"end":{"line":54,"column":95}},"7":{"start":{"line":55,"column":15},"end":{"line":55,"column":20}},"8":{"start":{"line":58,"column":1},"end":{"line":65,"column":2}},"9":{"start":{"line":59,"column":2},"end":{"line":64,"column":3}},"10":{"start":{"line":60,"column":3},"end":{"line":63,"column":4}},"11":{"start":{"line":61,"column":4},"end":{"line":61,"column":19}},"12":{"start":{"line":62,"column":4},"end":{"line":62,"column":10}},"13":{"start":{"line":67,"column":16},"end":{"line":67,"column":68}},"14":{"start":{"line":68,"column":1},"end":{"line":72,"column":3}}},"fnMap":{"0":{"name":"(anonymous_0)","decl":{"start":{"line":15,"column":1},"end":{"line":15,"column":2}},"loc":{"start":{"line":15,"column":10},"end":{"line":39,"column":2}},"line":15},"1":{"name":"(anonymous_1)","decl":{"start":{"line":23,"column":18},"end":{"line":23,"column":19}},"loc":{"start":{"line":23,"column":38},"end":{"line":25,"column":9}},"line":23},"2":{"name":"(anonymous_2)","decl":{"start":{"line":53,"column":23},"end":{"line":53,"column":24}},"loc":{"start":{"line":53,"column":41},"end":{"line":73,"column":1}},"line":53}},"branchMap":{"0":{"loc":{"start":{"line":16,"column":26},"end":{"line":16,"column":42}},"type":"default-arg","locations":[{"start":{"line":16,"column":37},"end":{"line":16,"column":42}}],"line":16},"1":{"loc":{"start":{"line":34,"column":13},"end":{"line":34,"column":42}},"type":"cond-expr","locations":[{"start":{"line":34,"column":23},"end":{"line":34,"column":30}},{"start":{"line":34,"column":33},"end":{"line":34,"column":42}}],"line":34},"2":{"loc":{"start":{"line":54,"column":17},"end":{"line":54,"column":95}},"type":"cond-expr","locations":[{"start":{"line":54,"column":50},"end":{"line":54,"column":90}},{"start":{"line":54,"column":93},"end":{"line":54,"column":95}}],"line":54},"3":{"loc":{"start":{"line":58,"column":1},"end":{"line":65,"column":2}},"type":"if","locations":[{"start":{"line":58,"column":1},"end":{"line":65,"column":2}},{"start":{"line":58,"column":1},"end":{"line":65,"column":2}}],"line":58},"4":{"loc":{"start":{"line":60,"column":3},"end":{"line":63,"column":4}},"type":"if","locations":[{"start":{"line":60,"column":3},"end":{"line":63,"column":4}},{"start":{"line":60,"column":3},"end":{"line":63,"column":4}}],"line":60},"5":{"loc":{"start":{"line":67,"column":16},"end":{"line":67,"column":68}},"type":"binary-expr","locations":[{"start":{"line":67,"column":16},"end":{"line":67,"column":30}},{"start":{"line":67,"column":35},"end":{"line":67,"column":43}},{"start":{"line":67,"column":47},"end":{"line":67,"column":67}}],"line":67}},"s":{"0":1,"1":0,"2":0,"3":0,"4":1,"5":1,"6":0,"7":0,"8":0,"9":0,"10":0,"11":0,"12":0,"13":0,"14":0},"f":{"0":0,"1":0,"2":0},"b":{"0":[0],"1":[0,0],"2":[0,0],"3":[0,0],"4":[0,0],"5":[0,0,0]},"_coverageSchema":"332fd63041d2c1bcb487cc26dd0d5f7d97098a6c","hash":"8ab141b2113fca8c6bda08a3e8130d4e7b5ec908"}
,"/mnt/c/Users/rmcquen/slt-ui/src/ComparisonChart/ComparisonTable/ComparisonTable.js": {"path":"/mnt/c/Users/rmcquen/slt-ui/src/ComparisonChart/ComparisonTable/ComparisonTable.js","statementMap":{"0":{"start":{"line":24,"column":14},"end":{"line":24,"column":32}},"1":{"start":{"line":26,"column":20},"end":{"line":30,"column":1}},"2":{"start":{"line":32,"column":20},"end":{"line":36,"column":1}},"3":{"start":{"line":38,"column":24},"end":{"line":43,"column":1}},"4":{"start":{"line":45,"column":20},"end":{"line":67,"column":1}},"5":{"start":{"line":69,"column":19},"end":{"line":72,"column":2}},"6":{"start":{"line":69,"column":30},"end":{"line":72,"column":2}},"7":{"start":{"line":82,"column":2},"end":{"line":82,"column":10}},"8":{"start":{"line":83,"column":2},"end":{"line":91,"column":3}},"9":{"start":{"line":90,"column":3},"end":{"line":90,"column":56}},"10":{"start":{"line":92,"column":2},"end":{"line":103,"column":5}},"11":{"start":{"line":93,"column":15},"end":{"line":93,"column":26}},"12":{"start":{"line":95,"column":3},"end":{"line":102,"column":4}},"13":{"start":{"line":97,"column":4},"end":{"line":97,"column":35}},"14":{"start":{"line":98,"column":10},"end":{"line":102,"column":4}},"15":{"start":{"line":99,"column":4},"end":{"line":99,"column":60}},"16":{"start":{"line":100,"column":4},"end":{"line":100,"column":34}},"17":{"start":{"line":101,"column":4},"end":{"line":101,"column":58}},"18":{"start":{"line":107,"column":2},"end":{"line":115,"column":3}},"19":{"start":{"line":108,"column":3},"end":{"line":114,"column":5}},"20":{"start":{"line":116,"column":2},"end":{"line":116,"column":32}},"21":{"start":{"line":120,"column":2},"end":{"line":122,"column":3}},"22":{"start":{"line":121,"column":3},"end":{"line":121,"column":56}},"23":{"start":{"line":123,"column":2},"end":{"line":123,"column":33}},"24":{"start":{"line":127,"column":2},"end":{"line":137,"column":3}},"25":{"start":{"line":131,"column":15},"end":{"line":131,"column":45}},"26":{"start":{"line":132,"column":4},"end":{"line":132,"column":26}},"27":{"start":{"line":133,"column":21},"end":{"line":133,"column":37}},"28":{"start":{"line":134,"column":4},"end":{"line":134,"column":58}},"29":{"start":{"line":136,"column":4},"end":{"line":136,"column":16}},"30":{"start":{"line":141,"column":16},"end":{"line":141,"column":26}},"31":{"start":{"line":143,"column":19},"end":{"line":143,"column":61}},"32":{"start":{"line":144,"column":21},"end":{"line":144,"column":44}},"33":{"start":{"line":146,"column":2},"end":{"line":440,"column":4}},"34":{"start":{"line":178,"column":8},"end":{"line":178,"column":42}},"35":{"start":{"line":222,"column":25},"end":{"line":222,"column":57}},"36":{"start":{"line":223,"column":11},"end":{"line":253,"column":20}},"37":{"start":{"line":234,"column":15},"end":{"line":236,"column":17}},"38":{"start":{"line":262,"column":9},"end":{"line":433,"column":11}},"39":{"start":{"line":281,"column":17},"end":{"line":306,"column":18}},"40":{"start":{"line":312,"column":26},"end":{"line":312,"column":35}},"41":{"start":{"line":315,"column":13},"end":{"line":318,"column":14}},"42":{"start":{"line":316,"column":14},"end":{"line":316,"column":40}},"43":{"start":{"line":317,"column":14},"end":{"line":317,"column":41}},"44":{"start":{"line":319,"column":13},"end":{"line":429,"column":15}},"45":{"start":{"line":345,"column":32},"end":{"line":345,"column":34}},"46":{"start":{"line":351,"column":17},"end":{"line":390,"column":18}},"47":{"start":{"line":352,"column":18},"end":{"line":386,"column":19}},"48":{"start":{"line":357,"column":19},"end":{"line":385,"column":20}},"49":{"start":{"line":358,"column":20},"end":{"line":367,"column":22}},"50":{"start":{"line":368,"column":26},"end":{"line":385,"column":20}},"51":{"start":{"line":375,"column":20},"end":{"line":384,"column":22}},"52":{"start":{"line":388,"column":18},"end":{"line":389,"column":43}},"53":{"start":{"line":391,"column":17},"end":{"line":409,"column":18}},"54":{"start":{"line":392,"column":36},"end":{"line":392,"column":40}},"55":{"start":{"line":393,"column":18},"end":{"line":395,"column":20}},"56":{"start":{"line":400,"column":18},"end":{"line":408,"column":19}},"57":{"start":{"line":404,"column":19},"end":{"line":407,"column":21}},"58":{"start":{"line":410,"column":17},"end":{"line":425,"column":19}},"59":{"start":{"line":444,"column":0},"end":{"line":446,"column":2}},"60":{"start":{"line":447,"column":0},"end":{"line":449,"column":2}},"61":{"start":{"line":452,"column":1},"end":{"line":462,"column":2}},"62":{"start":{"line":453,"column":2},"end":{"line":456,"column":4}},"63":{"start":{"line":458,"column":2},"end":{"line":461,"column":4}}},"fnMap":{"0":{"name":"(anonymous_0)","decl":{"start":{"line":69,"column":19},"end":{"line":69,"column":20}},"loc":{"start":{"line":69,"column":30},"end":{"line":72,"column":2}},"line":69},"1":{"name":"(anonymous_1)","decl":{"start":{"line":81,"column":1},"end":{"line":81,"column":2}},"loc":{"start":{"line":81,"column":15},"end":{"line":104,"column":2}},"line":81},"2":{"name":"(anonymous_2)","decl":{"start":{"line":92,"column":38},"end":{"line":92,"column":39}},"loc":{"start":{"line":92,"column":49},"end":{"line":103,"column":3}},"line":92},"3":{"name":"(anonymous_3)","decl":{"start":{"line":106,"column":1},"end":{"line":106,"column":2}},"loc":{"start":{"line":106,"column":19},"end":{"line":117,"column":2}},"line":106},"4":{"name":"(anonymous_4)","decl":{"start":{"line":119,"column":1},"end":{"line":119,"column":2}},"loc":{"start":{"line":119,"column":15},"end":{"line":124,"column":2}},"line":119},"5":{"name":"(anonymous_5)","decl":{"start":{"line":126,"column":1},"end":{"line":126,"column":2}},"loc":{"start":{"line":126,"column":28},"end":{"line":138,"column":2}},"line":126},"6":{"name":"(anonymous_6)","decl":{"start":{"line":140,"column":1},"end":{"line":140,"column":2}},"loc":{"start":{"line":140,"column":10},"end":{"line":441,"column":2}},"line":140},"7":{"name":"(anonymous_7)","decl":{"start":{"line":177,"column":16},"end":{"line":177,"column":17}},"loc":{"start":{"line":177,"column":36},"end":{"line":179,"column":8}},"line":177},"8":{"name":"(anonymous_8)","decl":{"start":{"line":221,"column":31},"end":{"line":221,"column":32}},"loc":{"start":{"line":221,"column":51},"end":{"line":254,"column":11}},"line":221},"9":{"name":"(anonymous_9)","decl":{"start":{"line":233,"column":23},"end":{"line":233,"column":24}},"loc":{"start":{"line":233,"column":43},"end":{"line":237,"column":15}},"line":233},"10":{"name":"(anonymous_10)","decl":{"start":{"line":261,"column":22},"end":{"line":261,"column":23}},"loc":{"start":{"line":261,"column":42},"end":{"line":434,"column":9}},"line":261},"11":{"name":"(anonymous_11)","decl":{"start":{"line":280,"column":16},"end":{"line":280,"column":17}},"loc":{"start":{"line":281,"column":17},"end":{"line":306,"column":18}},"line":281},"12":{"name":"(anonymous_12)","decl":{"start":{"line":311,"column":37},"end":{"line":311,"column":38}},"loc":{"start":{"line":311,"column":59},"end":{"line":430,"column":13}},"line":311},"13":{"name":"(anonymous_13)","decl":{"start":{"line":344,"column":16},"end":{"line":344,"column":17}},"loc":{"start":{"line":344,"column":36},"end":{"line":426,"column":17}},"line":344},"14":{"name":"(anonymous_14)","decl":{"start":{"line":451,"column":23},"end":{"line":451,"column":24}},"loc":{"start":{"line":451,"column":41},"end":{"line":463,"column":1}},"line":451}},"branchMap":{"0":{"loc":{"start":{"line":83,"column":2},"end":{"line":91,"column":3}},"type":"if","locations":[{"start":{"line":83,"column":2},"end":{"line":91,"column":3}},{"start":{"line":83,"column":2},"end":{"line":91,"column":3}}],"line":83},"1":{"loc":{"start":{"line":84,"column":3},"end":{"line":87,"column":56}},"type":"binary-expr","locations":[{"start":{"line":84,"column":3},"end":{"line":84,"column":9}},{"start":{"line":85,"column":3},"end":{"line":85,"column":17}},{"start":{"line":86,"column":3},"end":{"line":86,"column":23}},{"start":{"line":87,"column":3},"end":{"line":87,"column":56}}],"line":84},"2":{"loc":{"start":{"line":95,"column":3},"end":{"line":102,"column":4}},"type":"if","locations":[{"start":{"line":95,"column":3},"end":{"line":102,"column":4}},{"start":{"line":95,"column":3},"end":{"line":102,"column":4}}],"line":95},"3":{"loc":{"start":{"line":98,"column":10},"end":{"line":102,"column":4}},"type":"if","locations":[{"start":{"line":98,"column":10},"end":{"line":102,"column":4}},{"start":{"line":98,"column":10},"end":{"line":102,"column":4}}],"line":98},"4":{"loc":{"start":{"line":98,"column":14},"end":{"line":98,"column":72}},"type":"binary-expr","locations":[{"start":{"line":98,"column":14},"end":{"line":98,"column":52}},{"start":{"line":98,"column":56},"end":{"line":98,"column":72}}],"line":98},"5":{"loc":{"start":{"line":107,"column":2},"end":{"line":115,"column":3}},"type":"if","locations":[{"start":{"line":107,"column":2},"end":{"line":115,"column":3}},{"start":{"line":107,"column":2},"end":{"line":115,"column":3}}],"line":107},"6":{"loc":{"start":{"line":107,"column":6},"end":{"line":107,"column":30}},"type":"binary-expr","locations":[{"start":{"line":107,"column":6},"end":{"line":107,"column":12}},{"start":{"line":107,"column":16},"end":{"line":107,"column":30}}],"line":107},"7":{"loc":{"start":{"line":120,"column":2},"end":{"line":122,"column":3}},"type":"if","locations":[{"start":{"line":120,"column":2},"end":{"line":122,"column":3}},{"start":{"line":120,"column":2},"end":{"line":122,"column":3}}],"line":120},"8":{"loc":{"start":{"line":120,"column":6},"end":{"line":120,"column":30}},"type":"binary-expr","locations":[{"start":{"line":120,"column":6},"end":{"line":120,"column":12}},{"start":{"line":120,"column":16},"end":{"line":120,"column":30}}],"line":120},"9":{"loc":{"start":{"line":127,"column":2},"end":{"line":137,"column":3}},"type":"switch","locations":[{"start":{"line":128,"column":3},"end":{"line":134,"column":58}},{"start":{"line":135,"column":3},"end":{"line":136,"column":16}}],"line":127},"10":{"loc":{"start":{"line":134,"column":11},"end":{"line":134,"column":57}},"type":"cond-expr","locations":[{"start":{"line":134,"column":40},"end":{"line":134,"column":50}},{"start":{"line":134,"column":53},"end":{"line":134,"column":57}}],"line":134},"11":{"loc":{"start":{"line":143,"column":31},"end":{"line":143,"column":60}},"type":"binary-expr","locations":[{"start":{"line":143,"column":31},"end":{"line":143,"column":54}},{"start":{"line":143,"column":58},"end":{"line":143,"column":60}}],"line":143},"12":{"loc":{"start":{"line":223,"column":18},"end":{"line":253,"column":19}},"type":"cond-expr","locations":[{"start":{"line":224,"column":12},"end":{"line":252,"column":24}},{"start":{"line":253,"column":15},"end":{"line":253,"column":19}}],"line":223},"13":{"loc":{"start":{"line":276,"column":14},"end":{"line":307,"column":16}},"type":"binary-expr","locations":[{"start":{"line":276,"column":14},"end":{"line":276,"column":29}},{"start":{"line":277,"column":14},"end":{"line":307,"column":16}}],"line":276},"14":{"loc":{"start":{"line":281,"column":17},"end":{"line":306,"column":18}},"type":"cond-expr","locations":[{"start":{"line":282,"column":18},"end":{"line":286,"column":20}},{"start":{"line":288,"column":18},"end":{"line":305,"column":30}}],"line":281},"15":{"loc":{"start":{"line":315,"column":13},"end":{"line":318,"column":14}},"type":"if","locations":[{"start":{"line":315,"column":13},"end":{"line":318,"column":14}},{"start":{"line":315,"column":13},"end":{"line":318,"column":14}}],"line":315},"16":{"loc":{"start":{"line":325,"column":17},"end":{"line":327,"column":26}},"type":"binary-expr","locations":[{"start":{"line":325,"column":18},"end":{"line":325,"column":29}},{"start":{"line":326,"column":18},"end":{"line":326,"column":33}},{"start":{"line":327,"column":17},"end":{"line":327,"column":26}}],"line":325},"17":{"loc":{"start":{"line":352,"column":18},"end":{"line":386,"column":19}},"type":"if","locations":[{"start":{"line":352,"column":18},"end":{"line":386,"column":19}},{"start":{"line":352,"column":18},"end":{"line":386,"column":19}}],"line":352},"18":{"loc":{"start":{"line":357,"column":19},"end":{"line":385,"column":20}},"type":"if","locations":[{"start":{"line":357,"column":19},"end":{"line":385,"column":20}},{"start":{"line":357,"column":19},"end":{"line":385,"column":20}}],"line":357},"19":{"loc":{"start":{"line":368,"column":26},"end":{"line":385,"column":20}},"type":"if","locations":[{"start":{"line":368,"column":26},"end":{"line":385,"column":20}},{"start":{"line":368,"column":26},"end":{"line":385,"column":20}}],"line":368},"20":{"loc":{"start":{"line":391,"column":17},"end":{"line":409,"column":18}},"type":"if","locations":[{"start":{"line":391,"column":17},"end":{"line":409,"column":18}},{"start":{"line":391,"column":17},"end":{"line":409,"column":18}}],"line":391},"21":{"loc":{"start":{"line":400,"column":18},"end":{"line":408,"column":19}},"type":"if","locations":[{"start":{"line":400,"column":18},"end":{"line":408,"column":19}},{"start":{"line":400,"column":18},"end":{"line":408,"column":19}}],"line":400},"22":{"loc":{"start":{"line":452,"column":1},"end":{"line":462,"column":2}},"type":"if","locations":[{"start":{"line":452,"column":1},"end":{"line":462,"column":2}},{"start":{"line":452,"column":1},"end":{"line":462,"column":2}}],"line":452}},"s":{"0":2,"1":2,"2":2,"3":2,"4":2,"5":2,"6":0,"7":0,"8":0,"9":0,"10":0,"11":0,"12":0,"13":0,"14":0,"15":0,"16":0,"17":0,"18":0,"19":0,"20":0,"21":0,"22":0,"23":0,"24":0,"25":0,"26":0,"27":0,"28":0,"29":0,"30":0,"31":0,"32":0,"33":0,"34":0,"35":0,"36":0,"37":0,"38":0,"39":0,"40":0,"41":0,"42":0,"43":0,"44":0,"45":0,"46":0,"47":0,"48":0,"49":0,"50":0,"51":0,"52":0,"53":0,"54":0,"55":0,"56":0,"57":0,"58":0,"59":2,"60":2,"61":0,"62":0,"63":0},"f":{"0":0,"1":0,"2":0,"3":0,"4":0,"5":0,"6":0,"7":0,"8":0,"9":0,"10":0,"11":0,"12":0,"13":0,"14":0},"b":{"0":[0,0],"1":[0,0,0,0],"2":[0,0],"3":[0,0],"4":[0,0],"5":[0,0],"6":[0,0],"7":[0,0],"8":[0,0],"9":[0,0],"10":[0,0],"11":[0,0],"12":[0,0],"13":[0,0],"14":[0,0],"15":[0,0],"16":[0,0,0],"17":[0,0],"18":[0,0],"19":[0,0],"20":[0,0],"21":[0,0],"22":[0,0]},"_coverageSchema":"332fd63041d2c1bcb487cc26dd0d5f7d97098a6c","hash":"4abc62cd8c846fb94460571823e3f6353ab90a34"}
,"/mnt/c/Users/rmcquen/slt-ui/src/ComparisonChart/services/index.js": {"path":"/mnt/c/Users/rmcquen/slt-ui/src/ComparisonChart/services/index.js","statementMap":{"0":{"start":{"line":6,"column":0},"end":{"line":6,"column":34}}},"fnMap":{},"branchMap":{},"s":{"0":3},"f":{},"b":{},"_coverageSchema":"332fd63041d2c1bcb487cc26dd0d5f7d97098a6c","hash":"388e86bb804c08f96b8c81263bec35415f821ab9"}
,"/mnt/c/Users/rmcquen/slt-ui/src/ComparisonChart/services/actions/index.js": {"path":"/mnt/c/Users/rmcquen/slt-ui/src/ComparisonChart/services/actions/index.js","statementMap":{},"fnMap":{},"branchMap":{},"s":{},"f":{},"b":{},"_coverageSchema":"332fd63041d2c1bcb487cc26dd0d5f7d97098a6c","hash":"90b2d88b159bc4bd91b55eeb9e0261e5169e1f53"}
,"/mnt/c/Users/rmcquen/slt-ui/src/ComparisonChart/services/actions/productComparisonActions.js": {"path":"/mnt/c/Users/rmcquen/slt-ui/src/ComparisonChart/services/actions/productComparisonActions.js","statementMap":{"0":{"start":{"line":1,"column":31},"end":{"line":3,"column":2}},"1":{"start":{"line":1,"column":38},"end":{"line":3,"column":1}},"2":{"start":{"line":5,"column":35},"end":{"line":8,"column":2}},"3":{"start":{"line":5,"column":44},"end":{"line":8,"column":1}},"4":{"start":{"line":10,"column":33},"end":{"line":13,"column":2}},"5":{"start":{"line":10,"column":49},"end":{"line":13,"column":1}},"6":{"start":{"line":15,"column":27},"end":{"line":18,"column":2}},"7":{"start":{"line":15,"column":38},"end":{"line":18,"column":1}},"8":{"start":{"line":20,"column":22},"end":{"line":24,"column":2}},"9":{"start":{"line":20,"column":40},"end":{"line":24,"column":1}},"10":{"start":{"line":26,"column":19},"end":{"line":26,"column":21}},"11":{"start":{"line":28,"column":44},"end":{"line":41,"column":1}},"12":{"start":{"line":29,"column":1},"end":{"line":40,"column":3}},"13":{"start":{"line":30,"column":2},"end":{"line":39,"column":3}},"14":{"start":{"line":31,"column":3},"end":{"line":31,"column":64}},"15":{"start":{"line":33,"column":3},"end":{"line":38,"column":6}},"16":{"start":{"line":35,"column":4},"end":{"line":35,"column":28}},"17":{"start":{"line":36,"column":4},"end":{"line":36,"column":56}},"18":{"start":{"line":37,"column":4},"end":{"line":37,"column":41}}},"fnMap":{"0":{"name":"(anonymous_0)","decl":{"start":{"line":1,"column":31},"end":{"line":1,"column":32}},"loc":{"start":{"line":1,"column":38},"end":{"line":3,"column":1}},"line":1},"1":{"name":"(anonymous_1)","decl":{"start":{"line":5,"column":35},"end":{"line":5,"column":36}},"loc":{"start":{"line":5,"column":44},"end":{"line":8,"column":1}},"line":5},"2":{"name":"(anonymous_2)","decl":{"start":{"line":10,"column":33},"end":{"line":10,"column":34}},"loc":{"start":{"line":10,"column":49},"end":{"line":13,"column":1}},"line":10},"3":{"name":"(anonymous_3)","decl":{"start":{"line":15,"column":27},"end":{"line":15,"column":28}},"loc":{"start":{"line":15,"column":38},"end":{"line":18,"column":1}},"line":15},"4":{"name":"(anonymous_4)","decl":{"start":{"line":20,"column":22},"end":{"line":20,"column":23}},"loc":{"start":{"line":20,"column":40},"end":{"line":24,"column":1}},"line":20},"5":{"name":"(anonymous_5)","decl":{"start":{"line":28,"column":44},"end":{"line":28,"column":45}},"loc":{"start":{"line":28,"column":61},"end":{"line":41,"column":1}},"line":28},"6":{"name":"(anonymous_6)","decl":{"start":{"line":29,"column":8},"end":{"line":29,"column":9}},"loc":{"start":{"line":29,"column":22},"end":{"line":40,"column":2}},"line":29},"7":{"name":"(anonymous_7)","decl":{"start":{"line":33,"column":51},"end":{"line":33,"column":52}},"loc":{"start":{"line":33,"column":61},"end":{"line":38,"column":4}},"line":33}},"branchMap":{"0":{"loc":{"start":{"line":30,"column":2},"end":{"line":39,"column":3}},"type":"if","locations":[{"start":{"line":30,"column":2},"end":{"line":39,"column":3}},{"start":{"line":30,"column":2},"end":{"line":39,"column":3}}],"line":30}},"s":{"0":3,"1":0,"2":3,"3":0,"4":3,"5":0,"6":3,"7":0,"8":3,"9":0,"10":3,"11":3,"12":0,"13":0,"14":0,"15":0,"16":0,"17":0,"18":0},"f":{"0":0,"1":0,"2":0,"3":0,"4":0,"5":0,"6":0,"7":0},"b":{"0":[0,0]},"_coverageSchema":"332fd63041d2c1bcb487cc26dd0d5f7d97098a6c","hash":"cb38db93bfbef335f048d8e6482e7896705d3ac0"}
,"/mnt/c/Users/rmcquen/slt-ui/src/ComparisonChart/services/reducers/index.js": {"path":"/mnt/c/Users/rmcquen/slt-ui/src/ComparisonChart/services/reducers/index.js","statementMap":{},"fnMap":{},"branchMap":{},"s":{},"f":{},"b":{},"_coverageSchema":"332fd63041d2c1bcb487cc26dd0d5f7d97098a6c","hash":"2b43eef399e064e1328aa71aa00922e485fcdf4c"}
,"/mnt/c/Users/rmcquen/slt-ui/src/ComparisonChart/services/reducers/productComparisonReducer.js": {"path":"/mnt/c/Users/rmcquen/slt-ui/src/ComparisonChart/services/reducers/productComparisonReducer.js","statementMap":{"0":{"start":{"line":1,"column":33},"end":{"line":53,"column":1}},"1":{"start":{"line":2,"column":17},"end":{"line":2,"column":63}},"2":{"start":{"line":3,"column":12},"end":{"line":3,"column":35}},"3":{"start":{"line":5,"column":1},"end":{"line":52,"column":2}},"4":{"start":{"line":7,"column":3},"end":{"line":10,"column":5}},"5":{"start":{"line":12,"column":3},"end":{"line":17,"column":4}},"6":{"start":{"line":13,"column":4},"end":{"line":16,"column":5}},"7":{"start":{"line":14,"column":5},"end":{"line":14,"column":28}},"8":{"start":{"line":15,"column":5},"end":{"line":15,"column":11}},"9":{"start":{"line":19,"column":3},"end":{"line":22,"column":5}},"10":{"start":{"line":25,"column":3},"end":{"line":30,"column":5}},"11":{"start":{"line":29,"column":37},"end":{"line":29,"column":61}},"12":{"start":{"line":33,"column":3},"end":{"line":36,"column":5}},"13":{"start":{"line":39,"column":3},"end":{"line":45,"column":5}},"14":{"start":{"line":48,"column":3},"end":{"line":51,"column":5}}},"fnMap":{"0":{"name":"(anonymous_0)","decl":{"start":{"line":1,"column":33},"end":{"line":1,"column":34}},"loc":{"start":{"line":1,"column":57},"end":{"line":53,"column":1}},"line":1},"1":{"name":"(anonymous_1)","decl":{"start":{"line":29,"column":24},"end":{"line":29,"column":25}},"loc":{"start":{"line":29,"column":37},"end":{"line":29,"column":61}},"line":29}},"branchMap":{"0":{"loc":{"start":{"line":1,"column":34},"end":{"line":1,"column":44}},"type":"default-arg","locations":[{"start":{"line":1,"column":42},"end":{"line":1,"column":44}}],"line":1},"1":{"loc":{"start":{"line":2,"column":17},"end":{"line":2,"column":63}},"type":"cond-expr","locations":[{"start":{"line":2,"column":35},"end":{"line":2,"column":58}},{"start":{"line":2,"column":61},"end":{"line":2,"column":63}}],"line":2},"2":{"loc":{"start":{"line":3,"column":12},"end":{"line":3,"column":35}},"type":"binary-expr","locations":[{"start":{"line":3,"column":12},"end":{"line":3,"column":29}},{"start":{"line":3,"column":33},"end":{"line":3,"column":35}}],"line":3},"3":{"loc":{"start":{"line":5,"column":1},"end":{"line":52,"column":2}},"type":"switch","locations":[{"start":{"line":6,"column":2},"end":{"line":10,"column":5}},{"start":{"line":11,"column":2},"end":{"line":22,"column":5}},{"start":{"line":24,"column":2},"end":{"line":30,"column":5}},{"start":{"line":32,"column":2},"end":{"line":36,"column":5}},{"start":{"line":38,"column":2},"end":{"line":45,"column":5}},{"start":{"line":47,"column":2},"end":{"line":51,"column":5}}],"line":5},"4":{"loc":{"start":{"line":13,"column":4},"end":{"line":16,"column":5}},"type":"if","locations":[{"start":{"line":13,"column":4},"end":{"line":16,"column":5}},{"start":{"line":13,"column":4},"end":{"line":16,"column":5}}],"line":13},"5":{"loc":{"start":{"line":27,"column":15},"end":{"line":29,"column":62}},"type":"cond-expr","locations":[{"start":{"line":28,"column":7},"end":{"line":28,"column":38}},{"start":{"line":29,"column":7},"end":{"line":29,"column":62}}],"line":27}},"s":{"0":3,"1":9,"2":9,"3":9,"4":0,"5":0,"6":0,"7":0,"8":0,"9":0,"10":0,"11":0,"12":0,"13":0,"14":9},"f":{"0":9,"1":0},"b":{"0":[9],"1":[0,9],"2":[9,9],"3":[0,0,0,0,0,9],"4":[0,0],"5":[0,0]},"_coverageSchema":"332fd63041d2c1bcb487cc26dd0d5f7d97098a6c","hash":"45bd7161b55edd9a67b95ccd4b0585e813dbdcdf"}
,"/mnt/c/Users/rmcquen/slt-ui/src/DateTimePicker/DateTimePicker.js": {"path":"/mnt/c/Users/rmcquen/slt-ui/src/DateTimePicker/DateTimePicker.js","statementMap":{"0":{"start":{"line":26,"column":14},"end":{"line":26,"column":32}},"1":{"start":{"line":28,"column":20},"end":{"line":37,"column":2}},"2":{"start":{"line":28,"column":27},"end":{"line":37,"column":1}},"3":{"start":{"line":39,"column":19},"end":{"line":42,"column":2}},"4":{"start":{"line":39,"column":30},"end":{"line":42,"column":2}},"5":{"start":{"line":44,"column":29},"end":{"line":46,"column":2}},"6":{"start":{"line":45,"column":1},"end":{"line":45,"column":61}},"7":{"start":{"line":48,"column":16},"end":{"line":48,"column":36}},"8":{"start":{"line":49,"column":15},"end":{"line":49,"column":22}},"9":{"start":{"line":50,"column":18},"end":{"line":52,"column":1}},"10":{"start":{"line":54,"column":21},"end":{"line":57,"column":1}},"11":{"start":{"line":59,"column":31},"end":{"line":65,"column":2}},"12":{"start":{"line":59,"column":50},"end":{"line":65,"column":1}},"13":{"start":{"line":67,"column":33},"end":{"line":78,"column":4}},"14":{"start":{"line":67,"column":48},"end":{"line":78,"column":4}},"15":{"start":{"line":80,"column":18},"end":{"line":80,"column":43}},"16":{"start":{"line":81,"column":24},"end":{"line":81,"column":49}},"17":{"start":{"line":89,"column":2},"end":{"line":89,"column":10}},"18":{"start":{"line":90,"column":2},"end":{"line":93,"column":3}},"19":{"start":{"line":92,"column":3},"end":{"line":92,"column":55}},"20":{"start":{"line":94,"column":2},"end":{"line":104,"column":5}},"21":{"start":{"line":95,"column":17},"end":{"line":95,"column":28}},"22":{"start":{"line":97,"column":3},"end":{"line":103,"column":4}},"23":{"start":{"line":99,"column":4},"end":{"line":99,"column":35}},"24":{"start":{"line":100,"column":10},"end":{"line":103,"column":4}},"25":{"start":{"line":101,"column":4},"end":{"line":101,"column":34}},"26":{"start":{"line":102,"column":4},"end":{"line":102,"column":57}},"27":{"start":{"line":107,"column":2},"end":{"line":109,"column":5}},"28":{"start":{"line":111,"column":27},"end":{"line":115,"column":2}},"29":{"start":{"line":112,"column":2},"end":{"line":114,"column":5}},"30":{"start":{"line":118,"column":2},"end":{"line":126,"column":3}},"31":{"start":{"line":119,"column":3},"end":{"line":125,"column":5}},"32":{"start":{"line":127,"column":2},"end":{"line":129,"column":5}},"33":{"start":{"line":133,"column":2},"end":{"line":135,"column":3}},"34":{"start":{"line":134,"column":3},"end":{"line":134,"column":55}},"35":{"start":{"line":136,"column":2},"end":{"line":136,"column":33}},"36":{"start":{"line":139,"column":2},"end":{"line":139,"column":49}},"37":{"start":{"line":142,"column":2},"end":{"line":153,"column":4}},"38":{"start":{"line":144,"column":4},"end":{"line":149,"column":6}},"39":{"start":{"line":156,"column":23},"end":{"line":156,"column":33}},"40":{"start":{"line":158,"column":2},"end":{"line":255,"column":4}},"41":{"start":{"line":259,"column":0},"end":{"line":264,"column":2}},"42":{"start":{"line":266,"column":0},"end":{"line":266,"column":33}},"43":{"start":{"line":268,"column":42},"end":{"line":271,"column":1}}},"fnMap":{"0":{"name":"(anonymous_0)","decl":{"start":{"line":28,"column":20},"end":{"line":28,"column":21}},"loc":{"start":{"line":28,"column":27},"end":{"line":37,"column":1}},"line":28},"1":{"name":"(anonymous_1)","decl":{"start":{"line":39,"column":19},"end":{"line":39,"column":20}},"loc":{"start":{"line":39,"column":30},"end":{"line":42,"column":2}},"line":39},"2":{"name":"(anonymous_2)","decl":{"start":{"line":44,"column":53},"end":{"line":44,"column":54}},"loc":{"start":{"line":45,"column":1},"end":{"line":45,"column":61}},"line":45},"3":{"name":"(anonymous_3)","decl":{"start":{"line":59,"column":31},"end":{"line":59,"column":32}},"loc":{"start":{"line":59,"column":50},"end":{"line":65,"column":1}},"line":59},"4":{"name":"(anonymous_4)","decl":{"start":{"line":67,"column":33},"end":{"line":67,"column":34}},"loc":{"start":{"line":67,"column":48},"end":{"line":78,"column":4}},"line":67},"5":{"name":"(anonymous_5)","decl":{"start":{"line":88,"column":1},"end":{"line":88,"column":2}},"loc":{"start":{"line":88,"column":15},"end":{"line":105,"column":2}},"line":88},"6":{"name":"(anonymous_6)","decl":{"start":{"line":94,"column":38},"end":{"line":94,"column":39}},"loc":{"start":{"line":94,"column":49},"end":{"line":104,"column":3}},"line":94},"7":{"name":"(anonymous_7)","decl":{"start":{"line":106,"column":1},"end":{"line":106,"column":2}},"loc":{"start":{"line":106,"column":21},"end":{"line":110,"column":2}},"line":106},"8":{"name":"(anonymous_8)","decl":{"start":{"line":111,"column":16},"end":{"line":111,"column":17}},"loc":{"start":{"line":111,"column":27},"end":{"line":115,"column":2}},"line":111},"9":{"name":"(anonymous_9)","decl":{"start":{"line":111,"column":27},"end":{"line":111,"column":28}},"loc":{"start":{"line":111,"column":48},"end":{"line":115,"column":2}},"line":111},"10":{"name":"(anonymous_10)","decl":{"start":{"line":117,"column":1},"end":{"line":117,"column":2}},"loc":{"start":{"line":117,"column":19},"end":{"line":130,"column":2}},"line":117},"11":{"name":"(anonymous_11)","decl":{"start":{"line":132,"column":1},"end":{"line":132,"column":2}},"loc":{"start":{"line":132,"column":15},"end":{"line":137,"column":2}},"line":132},"12":{"name":"(anonymous_12)","decl":{"start":{"line":138,"column":1},"end":{"line":138,"column":2}},"loc":{"start":{"line":138,"column":11},"end":{"line":140,"column":2}},"line":138},"13":{"name":"(anonymous_13)","decl":{"start":{"line":141,"column":1},"end":{"line":141,"column":2}},"loc":{"start":{"line":141,"column":24},"end":{"line":154,"column":2}},"line":141},"14":{"name":"(anonymous_14)","decl":{"start":{"line":143,"column":47},"end":{"line":143,"column":48}},"loc":{"start":{"line":144,"column":4},"end":{"line":149,"column":6}},"line":144},"15":{"name":"(anonymous_15)","decl":{"start":{"line":155,"column":1},"end":{"line":155,"column":2}},"loc":{"start":{"line":155,"column":10},"end":{"line":256,"column":2}},"line":155},"16":{"name":"(anonymous_16)","decl":{"start":{"line":268,"column":23},"end":{"line":268,"column":24}},"loc":{"start":{"line":268,"column":42},"end":{"line":271,"column":1}},"line":268}},"branchMap":{"0":{"loc":{"start":{"line":90,"column":2},"end":{"line":93,"column":3}},"type":"if","locations":[{"start":{"line":90,"column":2},"end":{"line":93,"column":3}},{"start":{"line":90,"column":2},"end":{"line":93,"column":3}}],"line":90},"1":{"loc":{"start":{"line":97,"column":3},"end":{"line":103,"column":4}},"type":"if","locations":[{"start":{"line":97,"column":3},"end":{"line":103,"column":4}},{"start":{"line":97,"column":3},"end":{"line":103,"column":4}}],"line":97},"2":{"loc":{"start":{"line":100,"column":10},"end":{"line":103,"column":4}},"type":"if","locations":[{"start":{"line":100,"column":10},"end":{"line":103,"column":4}},{"start":{"line":100,"column":10},"end":{"line":103,"column":4}}],"line":100},"3":{"loc":{"start":{"line":100,"column":14},"end":{"line":100,"column":72}},"type":"binary-expr","locations":[{"start":{"line":100,"column":14},"end":{"line":100,"column":52}},{"start":{"line":100,"column":56},"end":{"line":100,"column":72}}],"line":100},"4":{"loc":{"start":{"line":108,"column":22},"end":{"line":108,"column":79}},"type":"binary-expr","locations":[{"start":{"line":108,"column":22},"end":{"line":108,"column":68}},{"start":{"line":108,"column":72},"end":{"line":108,"column":79}}],"line":108},"5":{"loc":{"start":{"line":113,"column":13},"end":{"line":113,"column":37}},"type":"cond-expr","locations":[{"start":{"line":113,"column":24},"end":{"line":113,"column":29}},{"start":{"line":113,"column":32},"end":{"line":113,"column":37}}],"line":113},"6":{"loc":{"start":{"line":118,"column":2},"end":{"line":126,"column":3}},"type":"if","locations":[{"start":{"line":118,"column":2},"end":{"line":126,"column":3}},{"start":{"line":118,"column":2},"end":{"line":126,"column":3}}],"line":118},"7":{"loc":{"start":{"line":133,"column":2},"end":{"line":135,"column":3}},"type":"if","locations":[{"start":{"line":133,"column":2},"end":{"line":135,"column":3}},{"start":{"line":133,"column":2},"end":{"line":135,"column":3}}],"line":133},"8":{"loc":{"start":{"line":142,"column":9},"end":{"line":153,"column":3}},"type":"cond-expr","locations":[{"start":{"line":143,"column":3},"end":{"line":150,"column":5}},{"start":{"line":152,"column":3},"end":{"line":152,"column":47}}],"line":142},"9":{"loc":{"start":{"line":164,"column":6},"end":{"line":164,"column":42}},"type":"binary-expr","locations":[{"start":{"line":164,"column":6},"end":{"line":164,"column":25}},{"start":{"line":164,"column":29},"end":{"line":164,"column":42}}],"line":164},"10":{"loc":{"start":{"line":270,"column":16},"end":{"line":270,"column":83}},"type":"cond-expr","locations":[{"start":{"line":270,"column":45},"end":{"line":270,"column":78}},{"start":{"line":270,"column":81},"end":{"line":270,"column":83}}],"line":270}},"s":{"0":1,"1":1,"2":0,"3":1,"4":0,"5":1,"6":0,"7":1,"8":1,"9":1,"10":1,"11":1,"12":2,"13":1,"14":0,"15":1,"16":1,"17":0,"18":0,"19":0,"20":0,"21":0,"22":0,"23":0,"24":0,"25":0,"26":0,"27":0,"28":0,"29":0,"30":0,"31":0,"32":0,"33":0,"34":0,"35":0,"36":0,"37":0,"38":0,"39":0,"40":0,"41":1,"42":1,"43":0},"f":{"0":0,"1":0,"2":0,"3":2,"4":0,"5":0,"6":0,"7":0,"8":0,"9":0,"10":0,"11":0,"12":0,"13":0,"14":0,"15":0,"16":0},"b":{"0":[0,0],"1":[0,0],"2":[0,0],"3":[0,0],"4":[0,0],"5":[0,0],"6":[0,0],"7":[0,0],"8":[0,0],"9":[0,0],"10":[0,0]},"_coverageSchema":"332fd63041d2c1bcb487cc26dd0d5f7d97098a6c","hash":"3edc056662d382e71f7f2729dab8aa91de405287"}
,"/mnt/c/Users/rmcquen/slt-ui/src/LocationButton/LocationButton.js": {"path":"/mnt/c/Users/rmcquen/slt-ui/src/LocationButton/LocationButton.js","statementMap":{"0":{"start":{"line":11,"column":15},"end":{"line":23,"column":1}},"1":{"start":{"line":12,"column":1},"end":{"line":22,"column":3}},"2":{"start":{"line":28,"column":2},"end":{"line":28,"column":10}},"3":{"start":{"line":29,"column":2},"end":{"line":31,"column":4}},"4":{"start":{"line":32,"column":2},"end":{"line":32,"column":49}},"5":{"start":{"line":33,"column":2},"end":{"line":33,"column":71}},"6":{"start":{"line":34,"column":2},"end":{"line":34,"column":77}},"7":{"start":{"line":37,"column":2},"end":{"line":41,"column":4}},"8":{"start":{"line":44,"column":2},"end":{"line":44,"column":58}},"9":{"start":{"line":50,"column":2},"end":{"line":50,"column":33}},"10":{"start":{"line":51,"column":2},"end":{"line":60,"column":3}},"11":{"start":{"line":52,"column":3},"end":{"line":59,"column":5}},"12":{"start":{"line":63,"column":37},"end":{"line":63,"column":47}},"13":{"start":{"line":64,"column":69},"end":{"line":64,"column":79}},"14":{"start":{"line":65,"column":16},"end":{"line":65,"column":18}},"15":{"start":{"line":66,"column":2},"end":{"line":68,"column":3}},"16":{"start":{"line":67,"column":3},"end":{"line":67,"column":45}},"17":{"start":{"line":69,"column":2},"end":{"line":79,"column":4}},"18":{"start":{"line":83,"column":0},"end":{"line":85,"column":2}},"19":{"start":{"line":86,"column":0},"end":{"line":88,"column":2}}},"fnMap":{"0":{"name":"(anonymous_0)","decl":{"start":{"line":11,"column":15},"end":{"line":11,"column":16}},"loc":{"start":{"line":11,"column":26},"end":{"line":23,"column":1}},"line":11},"1":{"name":"(anonymous_1)","decl":{"start":{"line":27,"column":1},"end":{"line":27,"column":2}},"loc":{"start":{"line":27,"column":15},"end":{"line":35,"column":2}},"line":27},"2":{"name":"(anonymous_2)","decl":{"start":{"line":36,"column":1},"end":{"line":36,"column":2}},"loc":{"start":{"line":36,"column":37},"end":{"line":42,"column":2}},"line":36},"3":{"name":"(anonymous_3)","decl":{"start":{"line":43,"column":1},"end":{"line":43,"column":2}},"loc":{"start":{"line":43,"column":29},"end":{"line":45,"column":2}},"line":43},"4":{"name":"(anonymous_4)","decl":{"start":{"line":46,"column":1},"end":{"line":46,"column":2}},"loc":{"start":{"line":46,"column":15},"end":{"line":61,"column":2}},"line":46},"5":{"name":"(anonymous_5)","decl":{"start":{"line":62,"column":1},"end":{"line":62,"column":2}},"loc":{"start":{"line":62,"column":10},"end":{"line":80,"column":2}},"line":62}},"branchMap":{"0":{"loc":{"start":{"line":51,"column":2},"end":{"line":60,"column":3}},"type":"if","locations":[{"start":{"line":51,"column":2},"end":{"line":60,"column":3}},{"start":{"line":51,"column":2},"end":{"line":60,"column":3}}],"line":51},"1":{"loc":{"start":{"line":64,"column":18},"end":{"line":64,"column":55}},"type":"default-arg","locations":[{"start":{"line":64,"column":29},"end":{"line":64,"column":55}}],"line":64},"2":{"loc":{"start":{"line":66,"column":2},"end":{"line":68,"column":3}},"type":"if","locations":[{"start":{"line":66,"column":2},"end":{"line":68,"column":3}},{"start":{"line":66,"column":2},"end":{"line":68,"column":3}}],"line":66}},"s":{"0":2,"1":0,"2":0,"3":0,"4":0,"5":0,"6":0,"7":0,"8":0,"9":0,"10":0,"11":0,"12":0,"13":0,"14":0,"15":0,"16":0,"17":0,"18":2,"19":2},"f":{"0":0,"1":0,"2":0,"3":0,"4":0,"5":0},"b":{"0":[0,0],"1":[0],"2":[0,0]},"_coverageSchema":"332fd63041d2c1bcb487cc26dd0d5f7d97098a6c","hash":"8f1f12f61e5a36110955874cf50c4ff38053acfe"}
,"/mnt/c/Users/rmcquen/slt-ui/src/LocationButton/index.js": {"path":"/mnt/c/Users/rmcquen/slt-ui/src/LocationButton/index.js","statementMap":{},"fnMap":{},"branchMap":{},"s":{},"f":{},"b":{},"_coverageSchema":"332fd63041d2c1bcb487cc26dd0d5f7d97098a6c","hash":"d9ba9d4194631f163189676bdafd852bfb397536"}
,"/mnt/c/Users/rmcquen/slt-ui/src/LocationField/LocationField.js": {"path":"/mnt/c/Users/rmcquen/slt-ui/src/LocationField/LocationField.js","statementMap":{"0":{"start":{"line":11,"column":15},"end":{"line":36,"column":1}},"1":{"start":{"line":12,"column":1},"end":{"line":12,"column":20}},"2":{"start":{"line":13,"column":1},"end":{"line":35,"column":3}},"3":{"start":{"line":40,"column":2},"end":{"line":40,"column":15}},"4":{"start":{"line":41,"column":2},"end":{"line":45,"column":4}},"5":{"start":{"line":46,"column":2},"end":{"line":46,"column":51}},"6":{"start":{"line":47,"column":2},"end":{"line":47,"column":51}},"7":{"start":{"line":50,"column":21},"end":{"line":50,"column":31}},"8":{"start":{"line":51,"column":2},"end":{"line":51,"column":25}},"9":{"start":{"line":52,"column":2},"end":{"line":58,"column":3}},"10":{"start":{"line":53,"column":3},"end":{"line":57,"column":5}},"11":{"start":{"line":61,"column":20},"end":{"line":61,"column":32}},"12":{"start":{"line":62,"column":2},"end":{"line":62,"column":38}},"13":{"start":{"line":65,"column":18},"end":{"line":65,"column":55}},"14":{"start":{"line":66,"column":19},"end":{"line":66,"column":21}},"15":{"start":{"line":67,"column":2},"end":{"line":72,"column":3}},"16":{"start":{"line":68,"column":3},"end":{"line":70,"column":4}},"17":{"start":{"line":69,"column":4},"end":{"line":69,"column":29}},"18":{"start":{"line":71,"column":3},"end":{"line":71,"column":30}},"19":{"start":{"line":74,"column":2},"end":{"line":76,"column":3}},"20":{"start":{"line":75,"column":3},"end":{"line":75,"column":46}},"21":{"start":{"line":77,"column":2},"end":{"line":77,"column":18}},"22":{"start":{"line":81,"column":20},"end":{"line":81,"column":30}},"23":{"start":{"line":82,"column":34},"end":{"line":82,"column":44}},"24":{"start":{"line":83,"column":2},"end":{"line":114,"column":4}},"25":{"start":{"line":118,"column":0},"end":{"line":122,"column":2}},"26":{"start":{"line":125,"column":1},"end":{"line":128,"column":3}}},"fnMap":{"0":{"name":"(anonymous_0)","decl":{"start":{"line":11,"column":15},"end":{"line":11,"column":16}},"loc":{"start":{"line":11,"column":26},"end":{"line":36,"column":1}},"line":11},"1":{"name":"(anonymous_1)","decl":{"start":{"line":39,"column":1},"end":{"line":39,"column":2}},"loc":{"start":{"line":39,"column":20},"end":{"line":48,"column":2}},"line":39},"2":{"name":"(anonymous_2)","decl":{"start":{"line":49,"column":1},"end":{"line":49,"column":2}},"loc":{"start":{"line":49,"column":21},"end":{"line":59,"column":2}},"line":49},"3":{"name":"(anonymous_3)","decl":{"start":{"line":60,"column":1},"end":{"line":60,"column":2}},"loc":{"start":{"line":60,"column":21},"end":{"line":63,"column":2}},"line":60},"4":{"name":"(anonymous_4)","decl":{"start":{"line":64,"column":1},"end":{"line":64,"column":2}},"loc":{"start":{"line":64,"column":47},"end":{"line":78,"column":2}},"line":64},"5":{"name":"(anonymous_5)","decl":{"start":{"line":80,"column":1},"end":{"line":80,"column":2}},"loc":{"start":{"line":80,"column":10},"end":{"line":115,"column":2}},"line":80},"6":{"name":"(anonymous_6)","decl":{"start":{"line":124,"column":23},"end":{"line":124,"column":24}},"loc":{"start":{"line":124,"column":41},"end":{"line":129,"column":1}},"line":124}},"branchMap":{"0":{"loc":{"start":{"line":52,"column":2},"end":{"line":58,"column":3}},"type":"if","locations":[{"start":{"line":52,"column":2},"end":{"line":58,"column":3}},{"start":{"line":52,"column":2},"end":{"line":58,"column":3}}],"line":52},"1":{"loc":{"start":{"line":67,"column":2},"end":{"line":72,"column":3}},"type":"if","locations":[{"start":{"line":67,"column":2},"end":{"line":72,"column":3}},{"start":{"line":67,"column":2},"end":{"line":72,"column":3}}],"line":67},"2":{"loc":{"start":{"line":68,"column":3},"end":{"line":70,"column":4}},"type":"if","locations":[{"start":{"line":68,"column":3},"end":{"line":70,"column":4}},{"start":{"line":68,"column":3},"end":{"line":70,"column":4}}],"line":68},"3":{"loc":{"start":{"line":74,"column":2},"end":{"line":76,"column":3}},"type":"if","locations":[{"start":{"line":74,"column":2},"end":{"line":76,"column":3}},{"start":{"line":74,"column":2},"end":{"line":76,"column":3}}],"line":74}},"s":{"0":2,"1":0,"2":0,"3":0,"4":0,"5":0,"6":0,"7":0,"8":0,"9":0,"10":0,"11":0,"12":0,"13":0,"14":0,"15":0,"16":0,"17":0,"18":0,"19":0,"20":0,"21":0,"22":0,"23":0,"24":0,"25":2,"26":0},"f":{"0":0,"1":0,"2":0,"3":0,"4":0,"5":0,"6":0},"b":{"0":[0,0],"1":[0,0],"2":[0,0],"3":[0,0]},"_coverageSchema":"332fd63041d2c1bcb487cc26dd0d5f7d97098a6c","hash":"73a9f4f63fde30964e2f01a3fbfe687ea113fa16"}
,"/mnt/c/Users/rmcquen/slt-ui/src/LocationField/index.js": {"path":"/mnt/c/Users/rmcquen/slt-ui/src/LocationField/index.js","statementMap":{},"fnMap":{},"branchMap":{},"s":{},"f":{},"b":{},"_coverageSchema":"332fd63041d2c1bcb487cc26dd0d5f7d97098a6c","hash":"4e7465a0eba0562c80f91fc74c504bbbd907b52b"}
,"/mnt/c/Users/rmcquen/slt-ui/src/StoreCard/StoreCard.js": {"path":"/mnt/c/Users/rmcquen/slt-ui/src/StoreCard/StoreCard.js","statementMap":{"0":{"start":{"line":10,"column":15},"end":{"line":21,"column":2}},"1":{"start":{"line":10,"column":27},"end":{"line":21,"column":1}},"2":{"start":{"line":25,"column":2},"end":{"line":25,"column":10}},"3":{"start":{"line":37,"column":6},"end":{"line":37,"column":16}},"4":{"start":{"line":41,"column":2},"end":{"line":52,"column":3}},"5":{"start":{"line":42,"column":3},"end":{"line":42,"column":22}},"6":{"start":{"line":43,"column":3},"end":{"line":51,"column":4}},"7":{"start":{"line":44,"column":4},"end":{"line":50,"column":5}},"8":{"start":{"line":45,"column":5},"end":{"line":49,"column":7}},"9":{"start":{"line":54,"column":2},"end":{"line":62,"column":3}},"10":{"start":{"line":55,"column":3},"end":{"line":61,"column":5}},"11":{"start":{"line":64,"column":2},"end":{"line":116,"column":4}},"12":{"start":{"line":120,"column":0},"end":{"line":127,"column":2}}},"fnMap":{"0":{"name":"(anonymous_0)","decl":{"start":{"line":10,"column":15},"end":{"line":10,"column":16}},"loc":{"start":{"line":10,"column":27},"end":{"line":21,"column":1}},"line":10},"1":{"name":"(anonymous_1)","decl":{"start":{"line":24,"column":1},"end":{"line":24,"column":2}},"loc":{"start":{"line":24,"column":15},"end":{"line":26,"column":2}},"line":24},"2":{"name":"(anonymous_2)","decl":{"start":{"line":27,"column":1},"end":{"line":27,"column":2}},"loc":{"start":{"line":27,"column":10},"end":{"line":117,"column":2}},"line":27}},"branchMap":{"0":{"loc":{"start":{"line":33,"column":3},"end":{"line":33,"column":21}},"type":"default-arg","locations":[{"start":{"line":33,"column":17},"end":{"line":33,"column":21}}],"line":33},"1":{"loc":{"start":{"line":34,"column":3},"end":{"line":34,"column":15}},"type":"default-arg","locations":[{"start":{"line":34,"column":11},"end":{"line":34,"column":15}}],"line":34},"2":{"loc":{"start":{"line":35,"column":3},"end":{"line":35,"column":18}},"type":"default-arg","locations":[{"start":{"line":35,"column":14},"end":{"line":35,"column":18}}],"line":35},"3":{"loc":{"start":{"line":41,"column":2},"end":{"line":52,"column":3}},"type":"if","locations":[{"start":{"line":41,"column":2},"end":{"line":52,"column":3}},{"start":{"line":41,"column":2},"end":{"line":52,"column":3}}],"line":41},"4":{"loc":{"start":{"line":44,"column":4},"end":{"line":50,"column":5}},"type":"if","locations":[{"start":{"line":44,"column":4},"end":{"line":50,"column":5}},{"start":{"line":44,"column":4},"end":{"line":50,"column":5}}],"line":44},"5":{"loc":{"start":{"line":54,"column":2},"end":{"line":62,"column":3}},"type":"if","locations":[{"start":{"line":54,"column":2},"end":{"line":62,"column":3}},{"start":{"line":54,"column":2},"end":{"line":62,"column":3}}],"line":54},"6":{"loc":{"start":{"line":54,"column":6},"end":{"line":54,"column":61}},"type":"binary-expr","locations":[{"start":{"line":54,"column":6},"end":{"line":54,"column":33}},{"start":{"line":54,"column":37},"end":{"line":54,"column":61}}],"line":54},"7":{"loc":{"start":{"line":92,"column":7},"end":{"line":101,"column":14}},"type":"cond-expr","locations":[{"start":{"line":93,"column":7},"end":{"line":100,"column":21}},{"start":{"line":101,"column":10},"end":{"line":101,"column":14}}],"line":92},"8":{"loc":{"start":{"line":92,"column":7},"end":{"line":92,"column":27}},"type":"binary-expr","locations":[{"start":{"line":92,"column":7},"end":{"line":92,"column":12}},{"start":{"line":92,"column":16},"end":{"line":92,"column":27}}],"line":92},"9":{"loc":{"start":{"line":103,"column":7},"end":{"line":112,"column":14}},"type":"cond-expr","locations":[{"start":{"line":104,"column":7},"end":{"line":111,"column":21}},{"start":{"line":112,"column":10},"end":{"line":112,"column":14}}],"line":103}},"s":{"0":3,"1":0,"2":0,"3":0,"4":0,"5":0,"6":0,"7":0,"8":0,"9":0,"10":0,"11":0,"12":3},"f":{"0":0,"1":0,"2":0},"b":{"0":[0],"1":[0],"2":[0],"3":[0,0],"4":[0,0],"5":[0,0],"6":[0,0],"7":[0,0],"8":[0,0],"9":[0,0]},"_coverageSchema":"332fd63041d2c1bcb487cc26dd0d5f7d97098a6c","hash":"7fdb16970a3a3e70a705f873dfb9522503c3eb25"}
,"/mnt/c/Users/rmcquen/slt-ui/src/StoreCard/index.js": {"path":"/mnt/c/Users/rmcquen/slt-ui/src/StoreCard/index.js","statementMap":{},"fnMap":{},"branchMap":{},"s":{},"f":{},"b":{},"_coverageSchema":"332fd63041d2c1bcb487cc26dd0d5f7d97098a6c","hash":"aa3fd007b46fc8f6aaa3d7af86a7ecbd7755a08c"}
,"/mnt/c/Users/rmcquen/slt-ui/src/StoreList/StoreList.js": {"path":"/mnt/c/Users/rmcquen/slt-ui/src/StoreList/StoreList.js","statementMap":{"0":{"start":{"line":13,"column":15},"end":{"line":26,"column":1}},"1":{"start":{"line":14,"column":1},"end":{"line":25,"column":3}},"2":{"start":{"line":30,"column":2},"end":{"line":30,"column":10}},"3":{"start":{"line":34,"column":79},"end":{"line":34,"column":89}},"4":{"start":{"line":36,"column":2},"end":{"line":38,"column":3}},"5":{"start":{"line":37,"column":3},"end":{"line":37,"column":19}},"6":{"start":{"line":39,"column":14},"end":{"line":39,"column":16}},"7":{"start":{"line":40,"column":2},"end":{"line":84,"column":3}},"8":{"start":{"line":41,"column":3},"end":{"line":83,"column":5}},"9":{"start":{"line":65,"column":8},"end":{"line":74,"column":9}},"10":{"start":{"line":66,"column":9},"end":{"line":66,"column":62}},"11":{"start":{"line":68,"column":9},"end":{"line":70,"column":11}},"12":{"start":{"line":71,"column":9},"end":{"line":73,"column":10}},"13":{"start":{"line":72,"column":10},"end":{"line":72,"column":47}},"14":{"start":{"line":85,"column":2},"end":{"line":92,"column":4}},"15":{"start":{"line":96,"column":0},"end":{"line":101,"column":2}},"16":{"start":{"line":102,"column":0},"end":{"line":106,"column":2}},"17":{"start":{"line":108,"column":24},"end":{"line":120,"column":1}},"18":{"start":{"line":109,"column":23},"end":{"line":109,"column":68}},"19":{"start":{"line":111,"column":2},"end":{"line":113,"column":57}},"20":{"start":{"line":115,"column":1},"end":{"line":119,"column":3}}},"fnMap":{"0":{"name":"(anonymous_0)","decl":{"start":{"line":13,"column":15},"end":{"line":13,"column":16}},"loc":{"start":{"line":13,"column":26},"end":{"line":26,"column":1}},"line":13},"1":{"name":"(anonymous_1)","decl":{"start":{"line":29,"column":1},"end":{"line":29,"column":2}},"loc":{"start":{"line":29,"column":15},"end":{"line":31,"column":2}},"line":29},"2":{"name":"(anonymous_2)","decl":{"start":{"line":32,"column":1},"end":{"line":32,"column":2}},"loc":{"start":{"line":32,"column":10},"end":{"line":93,"column":2}},"line":32},"3":{"name":"(anonymous_3)","decl":{"start":{"line":64,"column":16},"end":{"line":64,"column":17}},"loc":{"start":{"line":64,"column":22},"end":{"line":75,"column":8}},"line":64},"4":{"name":"(anonymous_4)","decl":{"start":{"line":108,"column":24},"end":{"line":108,"column":25}},"loc":{"start":{"line":108,"column":42},"end":{"line":120,"column":1}},"line":108}},"branchMap":{"0":{"loc":{"start":{"line":34,"column":8},"end":{"line":34,"column":18}},"type":"default-arg","locations":[{"start":{"line":34,"column":16},"end":{"line":34,"column":18}}],"line":34},"1":{"loc":{"start":{"line":36,"column":2},"end":{"line":38,"column":3}},"type":"if","locations":[{"start":{"line":36,"column":2},"end":{"line":38,"column":3}},{"start":{"line":36,"column":2},"end":{"line":38,"column":3}}],"line":36},"2":{"loc":{"start":{"line":47,"column":18},"end":{"line":47,"column":56}},"type":"cond-expr","locations":[{"start":{"line":47,"column":29},"end":{"line":47,"column":49}},{"start":{"line":47,"column":52},"end":{"line":47,"column":56}}],"line":47},"3":{"loc":{"start":{"line":48,"column":12},"end":{"line":48,"column":48}},"type":"cond-expr","locations":[{"start":{"line":48,"column":23},"end":{"line":48,"column":41}},{"start":{"line":48,"column":44},"end":{"line":48,"column":48}}],"line":48},"4":{"loc":{"start":{"line":65,"column":8},"end":{"line":74,"column":9}},"type":"if","locations":[{"start":{"line":65,"column":8},"end":{"line":74,"column":9}},{"start":{"line":65,"column":8},"end":{"line":74,"column":9}}],"line":65},"5":{"loc":{"start":{"line":71,"column":9},"end":{"line":73,"column":10}},"type":"if","locations":[{"start":{"line":71,"column":9},"end":{"line":73,"column":10}},{"start":{"line":71,"column":9},"end":{"line":73,"column":10}}],"line":71},"6":{"loc":{"start":{"line":77,"column":8},"end":{"line":79,"column":24}},"type":"cond-expr","locations":[{"start":{"line":78,"column":10},"end":{"line":78,"column":26}},{"start":{"line":79,"column":10},"end":{"line":79,"column":24}}],"line":77},"7":{"loc":{"start":{"line":111,"column":2},"end":{"line":113,"column":57}},"type":"cond-expr","locations":[{"start":{"line":112,"column":5},"end":{"line":112,"column":28}},{"start":{"line":113,"column":5},"end":{"line":113,"column":57}}],"line":111}},"s":{"0":2,"1":0,"2":0,"3":0,"4":0,"5":0,"6":0,"7":0,"8":0,"9":0,"10":0,"11":0,"12":0,"13":0,"14":0,"15":2,"16":2,"17":2,"18":0,"19":0,"20":0},"f":{"0":0,"1":0,"2":0,"3":0,"4":0},"b":{"0":[0],"1":[0,0],"2":[0,0],"3":[0,0],"4":[0,0],"5":[0,0],"6":[0,0],"7":[0,0]},"_coverageSchema":"332fd63041d2c1bcb487cc26dd0d5f7d97098a6c","hash":"1f27702bbfcb1bc8d1a929bcc9611467715435b9"}
,"/mnt/c/Users/rmcquen/slt-ui/src/StoreList/index.js": {"path":"/mnt/c/Users/rmcquen/slt-ui/src/StoreList/index.js","statementMap":{},"fnMap":{},"branchMap":{},"s":{},"f":{},"b":{},"_coverageSchema":"332fd63041d2c1bcb487cc26dd0d5f7d97098a6c","hash":"a9737483057f72455394584077a3fd36d8ade943"}
,"/mnt/c/Users/rmcquen/slt-ui/src/StoreList/selectors/index.js": {"path":"/mnt/c/Users/rmcquen/slt-ui/src/StoreList/selectors/index.js","statementMap":{"0":{"start":{"line":8,"column":15},"end":{"line":8,"column":37}},"1":{"start":{"line":9,"column":15},"end":{"line":9,"column":37}},"2":{"start":{"line":10,"column":13},"end":{"line":10,"column":24}},"3":{"start":{"line":11,"column":16},"end":{"line":11,"column":39}},"4":{"start":{"line":13,"column":2},"end":{"line":14,"column":60}},"5":{"start":{"line":15,"column":1},"end":{"line":15,"column":24}},"6":{"start":{"line":16,"column":1},"end":{"line":16,"column":31}},"7":{"start":{"line":17,"column":1},"end":{"line":17,"column":27}},"8":{"start":{"line":18,"column":1},"end":{"line":20,"column":2}},"9":{"start":{"line":19,"column":2},"end":{"line":19,"column":25}},"10":{"start":{"line":21,"column":1},"end":{"line":23,"column":2}},"11":{"start":{"line":22,"column":2},"end":{"line":22,"column":23}},"12":{"start":{"line":24,"column":1},"end":{"line":24,"column":13}},"13":{"start":{"line":27,"column":1},"end":{"line":39,"column":43}},"14":{"start":{"line":29,"column":3},"end":{"line":37,"column":5}},"15":{"start":{"line":39,"column":18},"end":{"line":39,"column":41}},"16":{"start":{"line":41,"column":32},"end":{"line":50,"column":1}},"17":{"start":{"line":44,"column":2},"end":{"line":48,"column":3}},"18":{"start":{"line":45,"column":3},"end":{"line":45,"column":70}},"19":{"start":{"line":47,"column":3},"end":{"line":47,"column":43}}},"fnMap":{"0":{"name":"haversineDistance","decl":{"start":{"line":7,"column":9},"end":{"line":7,"column":26}},"loc":{"start":{"line":7,"column":57},"end":{"line":25,"column":1}},"line":7},"1":{"name":"haversineSort","decl":{"start":{"line":26,"column":9},"end":{"line":26,"column":22}},"loc":{"start":{"line":26,"column":48},"end":{"line":40,"column":1}},"line":26},"2":{"name":"(anonymous_2)","decl":{"start":{"line":28,"column":7},"end":{"line":28,"column":8}},"loc":{"start":{"line":28,"column":17},"end":{"line":38,"column":3}},"line":28},"3":{"name":"(anonymous_3)","decl":{"start":{"line":39,"column":8},"end":{"line":39,"column":9}},"loc":{"start":{"line":39,"column":18},"end":{"line":39,"column":41}},"line":39},"4":{"name":"(anonymous_4)","decl":{"start":{"line":43,"column":1},"end":{"line":43,"column":2}},"loc":{"start":{"line":43,"column":31},"end":{"line":49,"column":2}},"line":43}},"branchMap":{"0":{"loc":{"start":{"line":18,"column":1},"end":{"line":20,"column":2}},"type":"if","locations":[{"start":{"line":18,"column":1},"end":{"line":20,"column":2}},{"start":{"line":18,"column":1},"end":{"line":20,"column":2}}],"line":18},"1":{"loc":{"start":{"line":21,"column":1},"end":{"line":23,"column":2}},"type":"if","locations":[{"start":{"line":21,"column":1},"end":{"line":23,"column":2}},{"start":{"line":21,"column":1},"end":{"line":23,"column":2}}],"line":21},"2":{"loc":{"start":{"line":26,"column":23},"end":{"line":26,"column":33}},"type":"default-arg","locations":[{"start":{"line":26,"column":31},"end":{"line":26,"column":33}}],"line":26},"3":{"loc":{"start":{"line":26,"column":35},"end":{"line":26,"column":46}},"type":"default-arg","locations":[{"start":{"line":26,"column":44},"end":{"line":26,"column":46}}],"line":26},"4":{"loc":{"start":{"line":43,"column":2},"end":{"line":43,"column":12}},"type":"default-arg","locations":[{"start":{"line":43,"column":10},"end":{"line":43,"column":12}}],"line":43},"5":{"loc":{"start":{"line":44,"column":2},"end":{"line":48,"column":3}},"type":"if","locations":[{"start":{"line":44,"column":2},"end":{"line":48,"column":3}},{"start":{"line":44,"column":2},"end":{"line":48,"column":3}}],"line":44}},"s":{"0":0,"1":0,"2":0,"3":0,"4":0,"5":0,"6":0,"7":0,"8":0,"9":0,"10":0,"11":0,"12":0,"13":0,"14":0,"15":0,"16":2,"17":0,"18":0,"19":0},"f":{"0":0,"1":0,"2":0,"3":0,"4":0},"b":{"0":[0,0],"1":[0,0],"2":[0],"3":[0],"4":[0],"5":[0,0]},"_coverageSchema":"332fd63041d2c1bcb487cc26dd0d5f7d97098a6c","hash":"1bab023a7678ef3ed06c25a2c1c6eda06c4cc1f0"}
,"/mnt/c/Users/rmcquen/slt-ui/src/StoreProvider/StoreProvider.js": {"path":"/mnt/c/Users/rmcquen/slt-ui/src/StoreProvider/StoreProvider.js","statementMap":{"0":{"start":{"line":6,"column":21},"end":{"line":6,"column":37}},"1":{"start":{"line":8,"column":22},"end":{"line":12,"column":1}},"2":{"start":{"line":9,"column":1},"end":{"line":11,"column":12}},"3":{"start":{"line":14,"column":0},"end":{"line":16,"column":2}}},"fnMap":{"0":{"name":"(anonymous_0)","decl":{"start":{"line":8,"column":22},"end":{"line":8,"column":23}},"loc":{"start":{"line":9,"column":1},"end":{"line":11,"column":12}},"line":9}},"branchMap":{},"s":{"0":10,"1":10,"2":10,"3":10},"f":{"0":10},"b":{},"_coverageSchema":"332fd63041d2c1bcb487cc26dd0d5f7d97098a6c","hash":"db7bc02e1ea145c5289139023ed79ee7088464f5"}
,"/mnt/c/Users/rmcquen/slt-ui/src/StoreProvider/index.js": {"path":"/mnt/c/Users/rmcquen/slt-ui/src/StoreProvider/index.js","statementMap":{},"fnMap":{},"branchMap":{},"s":{},"f":{},"b":{},"_coverageSchema":"332fd63041d2c1bcb487cc26dd0d5f7d97098a6c","hash":"e9e6b37d8514739e0162c1f46886852563edbca7"}
,"/mnt/c/Users/rmcquen/slt-ui/src/StoreSelector/StoreSelector.js": {"path":"/mnt/c/Users/rmcquen/slt-ui/src/StoreSelector/StoreSelector.js","statementMap":{"0":{"start":{"line":22,"column":14},"end":{"line":46,"column":1}},"1":{"start":{"line":23,"column":1},"end":{"line":45,"column":3}},"2":{"start":{"line":50,"column":2},"end":{"line":50,"column":10}},"3":{"start":{"line":51,"column":2},"end":{"line":55,"column":4}},"4":{"start":{"line":56,"column":2},"end":{"line":56,"column":35}},"5":{"start":{"line":57,"column":2},"end":{"line":57,"column":55}},"6":{"start":{"line":58,"column":2},"end":{"line":58,"column":53}},"7":{"start":{"line":59,"column":2},"end":{"line":59,"column":47}},"8":{"start":{"line":60,"column":2},"end":{"line":60,"column":51}},"9":{"start":{"line":61,"column":2},"end":{"line":61,"column":35}},"10":{"start":{"line":64,"column":2},"end":{"line":66,"column":5}},"11":{"start":{"line":69,"column":2},"end":{"line":69,"column":57}},"12":{"start":{"line":72,"column":2},"end":{"line":72,"column":39}},"13":{"start":{"line":73,"column":24},"end":{"line":73,"column":32}},"14":{"start":{"line":74,"column":2},"end":{"line":77,"column":3}},"15":{"start":{"line":75,"column":3},"end":{"line":75,"column":58}},"16":{"start":{"line":76,"column":3},"end":{"line":76,"column":26}},"17":{"start":{"line":78,"column":2},"end":{"line":78,"column":31}},"18":{"start":{"line":81,"column":18},"end":{"line":84,"column":3}},"19":{"start":{"line":82,"column":3},"end":{"line":82,"column":90}},"20":{"start":{"line":83,"column":3},"end":{"line":83,"column":69}},"21":{"start":{"line":85,"column":2},"end":{"line":85,"column":12}},"22":{"start":{"line":88,"column":38},"end":{"line":88,"column":48}},"23":{"start":{"line":89,"column":35},"end":{"line":89,"column":45}},"24":{"start":{"line":92,"column":3},"end":{"line":143,"column":12}},"25":{"start":{"line":148,"column":2},"end":{"line":188,"column":3}},"26":{"start":{"line":149,"column":3},"end":{"line":162,"column":5}},"27":{"start":{"line":164,"column":20},"end":{"line":164,"column":42}},"28":{"start":{"line":165,"column":3},"end":{"line":187,"column":5}},"29":{"start":{"line":190,"column":2},"end":{"line":195,"column":4}},"30":{"start":{"line":199,"column":0},"end":{"line":201,"column":2}},"31":{"start":{"line":202,"column":0},"end":{"line":202,"column":32}},"32":{"start":{"line":204,"column":24},"end":{"line":209,"column":1}},"33":{"start":{"line":205,"column":1},"end":{"line":208,"column":3}}},"fnMap":{"0":{"name":"(anonymous_0)","decl":{"start":{"line":22,"column":14},"end":{"line":22,"column":15}},"loc":{"start":{"line":22,"column":25},"end":{"line":46,"column":1}},"line":22},"1":{"name":"(anonymous_1)","decl":{"start":{"line":49,"column":1},"end":{"line":49,"column":2}},"loc":{"start":{"line":49,"column":15},"end":{"line":62,"column":2}},"line":49},"2":{"name":"(anonymous_2)","decl":{"start":{"line":63,"column":1},"end":{"line":63,"column":2}},"loc":{"start":{"line":63,"column":19},"end":{"line":67,"column":2}},"line":63},"3":{"name":"(anonymous_3)","decl":{"start":{"line":68,"column":1},"end":{"line":68,"column":2}},"loc":{"start":{"line":68,"column":14},"end":{"line":70,"column":2}},"line":68},"4":{"name":"(anonymous_4)","decl":{"start":{"line":71,"column":1},"end":{"line":71,"column":2}},"loc":{"start":{"line":71,"column":17},"end":{"line":79,"column":2}},"line":71},"5":{"name":"(anonymous_5)","decl":{"start":{"line":80,"column":1},"end":{"line":80,"column":2}},"loc":{"start":{"line":80,"column":17},"end":{"line":86,"column":2}},"line":80},"6":{"name":"(anonymous_6)","decl":{"start":{"line":81,"column":18},"end":{"line":81,"column":19}},"loc":{"start":{"line":81,"column":24},"end":{"line":84,"column":3}},"line":81},"7":{"name":"(anonymous_7)","decl":{"start":{"line":87,"column":1},"end":{"line":87,"column":2}},"loc":{"start":{"line":87,"column":10},"end":{"line":196,"column":2}},"line":87},"8":{"name":"(anonymous_8)","decl":{"start":{"line":204,"column":24},"end":{"line":204,"column":25}},"loc":{"start":{"line":204,"column":42},"end":{"line":209,"column":1}},"line":204}},"branchMap":{"0":{"loc":{"start":{"line":74,"column":2},"end":{"line":77,"column":3}},"type":"if","locations":[{"start":{"line":74,"column":2},"end":{"line":77,"column":3}},{"start":{"line":74,"column":2},"end":{"line":77,"column":3}}],"line":74},"1":{"loc":{"start":{"line":74,"column":6},"end":{"line":74,"column":48}},"type":"binary-expr","locations":[{"start":{"line":74,"column":6},"end":{"line":74,"column":31}},{"start":{"line":74,"column":35},"end":{"line":74,"column":48}}],"line":74},"2":{"loc":{"start":{"line":129,"column":11},"end":{"line":129,"column":42}},"type":"binary-expr","locations":[{"start":{"line":129,"column":11},"end":{"line":129,"column":23}},{"start":{"line":129,"column":27},"end":{"line":129,"column":42}}],"line":129},"3":{"loc":{"start":{"line":148,"column":2},"end":{"line":188,"column":3}},"type":"if","locations":[{"start":{"line":148,"column":2},"end":{"line":188,"column":3}},{"start":{"line":148,"column":2},"end":{"line":188,"column":3}}],"line":148}},"s":{"0":1,"1":0,"2":0,"3":0,"4":0,"5":0,"6":0,"7":0,"8":0,"9":0,"10":0,"11":0,"12":0,"13":0,"14":0,"15":0,"16":0,"17":0,"18":0,"19":0,"20":0,"21":0,"22":0,"23":0,"24":0,"25":0,"26":0,"27":0,"28":0,"29":0,"30":1,"31":1,"32":1,"33":0},"f":{"0":0,"1":0,"2":0,"3":0,"4":0,"5":0,"6":0,"7":0,"8":0},"b":{"0":[0,0],"1":[0,0],"2":[0,0],"3":[0,0]},"_coverageSchema":"332fd63041d2c1bcb487cc26dd0d5f7d97098a6c","hash":"692cb99e64a06e2f41f6f52f6d4c86b5bc2f88f5"}
,"/mnt/c/Users/rmcquen/slt-ui/src/services/google-maps/actions.js": {"path":"/mnt/c/Users/rmcquen/slt-ui/src/services/google-maps/actions.js","statementMap":{"0":{"start":{"line":4,"column":28},"end":{"line":4,"column":89}},"1":{"start":{"line":5,"column":15},"end":{"line":15,"column":2}},"2":{"start":{"line":17,"column":28},"end":{"line":37,"column":1}},"3":{"start":{"line":18,"column":1},"end":{"line":36,"column":3}},"4":{"start":{"line":19,"column":2},"end":{"line":19,"column":40}},"5":{"start":{"line":21,"column":2},"end":{"line":35,"column":6}},"6":{"start":{"line":25,"column":4},"end":{"line":25,"column":43}},"7":{"start":{"line":26,"column":4},"end":{"line":26,"column":60}},"8":{"start":{"line":29,"column":4},"end":{"line":29,"column":43}},"9":{"start":{"line":30,"column":4},"end":{"line":34,"column":6}},"10":{"start":{"line":39,"column":35},"end":{"line":50,"column":1}},"11":{"start":{"line":40,"column":1},"end":{"line":49,"column":3}},"12":{"start":{"line":41,"column":2},"end":{"line":41,"column":40}},"13":{"start":{"line":42,"column":2},"end":{"line":48,"column":6}},"14":{"start":{"line":46,"column":4},"end":{"line":46,"column":43}},"15":{"start":{"line":47,"column":4},"end":{"line":47,"column":60}}},"fnMap":{"0":{"name":"(anonymous_0)","decl":{"start":{"line":17,"column":28},"end":{"line":17,"column":29}},"loc":{"start":{"line":17,"column":54},"end":{"line":37,"column":1}},"line":17},"1":{"name":"(anonymous_1)","decl":{"start":{"line":18,"column":8},"end":{"line":18,"column":9}},"loc":{"start":{"line":18,"column":22},"end":{"line":36,"column":2}},"line":18},"2":{"name":"(anonymous_2)","decl":{"start":{"line":24,"column":9},"end":{"line":24,"column":10}},"loc":{"start":{"line":24,"column":23},"end":{"line":27,"column":4}},"line":24},"3":{"name":"(anonymous_3)","decl":{"start":{"line":28,"column":10},"end":{"line":28,"column":11}},"loc":{"start":{"line":28,"column":19},"end":{"line":35,"column":4}},"line":28},"4":{"name":"(anonymous_4)","decl":{"start":{"line":39,"column":35},"end":{"line":39,"column":36}},"loc":{"start":{"line":39,"column":61},"end":{"line":50,"column":1}},"line":39},"5":{"name":"(anonymous_5)","decl":{"start":{"line":40,"column":8},"end":{"line":40,"column":9}},"loc":{"start":{"line":40,"column":22},"end":{"line":49,"column":2}},"line":40},"6":{"name":"(anonymous_6)","decl":{"start":{"line":45,"column":9},"end":{"line":45,"column":10}},"loc":{"start":{"line":45,"column":23},"end":{"line":48,"column":4}},"line":45}},"branchMap":{"0":{"loc":{"start":{"line":4,"column":28},"end":{"line":4,"column":89}},"type":"binary-expr","locations":[{"start":{"line":4,"column":28},"end":{"line":4,"column":59}},{"start":{"line":4,"column":63},"end":{"line":4,"column":89}}],"line":4},"1":{"loc":{"start":{"line":32,"column":15},"end":{"line":32,"column":73}},"type":"cond-expr","locations":[{"start":{"line":32,"column":26},"end":{"line":32,"column":48}},{"start":{"line":32,"column":51},"end":{"line":32,"column":73}}],"line":32}},"s":{"0":4,"1":4,"2":4,"3":0,"4":0,"5":0,"6":0,"7":0,"8":0,"9":0,"10":4,"11":0,"12":0,"13":0,"14":0,"15":0},"f":{"0":0,"1":0,"2":0,"3":0,"4":0,"5":0,"6":0},"b":{"0":[4,4],"1":[0,0]},"_coverageSchema":"332fd63041d2c1bcb487cc26dd0d5f7d97098a6c","hash":"e86c5a6a42a429d1470a4627855acc8fa9db071b"}
,"/mnt/c/Users/rmcquen/slt-ui/src/services/google-maps/index.js": {"path":"/mnt/c/Users/rmcquen/slt-ui/src/services/google-maps/index.js","statementMap":{"0":{"start":{"line":6,"column":40},"end":{"line":13,"column":2}},"1":{"start":{"line":15,"column":0},"end":{"line":15,"column":33}}},"fnMap":{},"branchMap":{},"s":{"0":4,"1":4},"f":{},"b":{},"_coverageSchema":"332fd63041d2c1bcb487cc26dd0d5f7d97098a6c","hash":"bd092a63bc38df7316a75caba64cd0fac3a96cef"}
,"/mnt/c/Users/rmcquen/slt-ui/src/services/slt-class-times/actions.js": {"path":"/mnt/c/Users/rmcquen/slt-ui/src/services/slt-class-times/actions.js","statementMap":{"0":{"start":{"line":11,"column":23},"end":{"line":11,"column":66}},"1":{"start":{"line":11,"column":34},"end":{"line":11,"column":65}},"2":{"start":{"line":13,"column":31},"end":{"line":25,"column":2}},"3":{"start":{"line":13,"column":71},"end":{"line":25,"column":2}},"4":{"start":{"line":14,"column":1},"end":{"line":25,"column":2}},"5":{"start":{"line":17,"column":31},"end":{"line":17,"column":62}},"6":{"start":{"line":19,"column":23},"end":{"line":19,"column":72}},"7":{"start":{"line":20,"column":5},"end":{"line":20,"column":59}},"8":{"start":{"line":21,"column":5},"end":{"line":21,"column":43}},"9":{"start":{"line":22,"column":5},"end":{"line":22,"column":19}}},"fnMap":{"0":{"name":"(anonymous_0)","decl":{"start":{"line":11,"column":23},"end":{"line":11,"column":24}},"loc":{"start":{"line":11,"column":34},"end":{"line":11,"column":65}},"line":11},"1":{"name":"(anonymous_1)","decl":{"start":{"line":13,"column":31},"end":{"line":13,"column":32}},"loc":{"start":{"line":13,"column":71},"end":{"line":25,"column":2}},"line":13},"2":{"name":"(anonymous_2)","decl":{"start":{"line":13,"column":71},"end":{"line":13,"column":72}},"loc":{"start":{"line":14,"column":1},"end":{"line":25,"column":2}},"line":14},"3":{"name":"(anonymous_3)","decl":{"start":{"line":17,"column":12},"end":{"line":17,"column":13}},"loc":{"start":{"line":17,"column":31},"end":{"line":17,"column":62}},"line":17},"4":{"name":"(anonymous_4)","decl":{"start":{"line":18,"column":12},"end":{"line":18,"column":13}},"loc":{"start":{"line":18,"column":39},"end":{"line":23,"column":5}},"line":18}},"branchMap":{"0":{"loc":{"start":{"line":11,"column":34},"end":{"line":11,"column":65}},"type":"cond-expr","locations":[{"start":{"line":11,"column":56},"end":{"line":11,"column":60}},{"start":{"line":11,"column":63},"end":{"line":11,"column":65}}],"line":11}},"s":{"0":1,"1":0,"2":1,"3":0,"4":0,"5":0,"6":0,"7":0,"8":0,"9":0},"f":{"0":0,"1":0,"2":0,"3":0,"4":0},"b":{"0":[0,0]},"_coverageSchema":"332fd63041d2c1bcb487cc26dd0d5f7d97098a6c","hash":"95cbdd47b0fb116393e23a9c760e008e44c7fddc"}
,"/mnt/c/Users/rmcquen/slt-ui/src/services/slt-class-times/dummyData.js": {"path":"/mnt/c/Users/rmcquen/slt-ui/src/services/slt-class-times/dummyData.js","statementMap":{},"fnMap":{},"branchMap":{},"s":{},"f":{},"b":{},"_coverageSchema":"332fd63041d2c1bcb487cc26dd0d5f7d97098a6c","hash":"8e40743480d477ae792d7db1229fd578bffcc8c8"}
,"/mnt/c/Users/rmcquen/slt-ui/src/services/slt-class-times/index.js": {"path":"/mnt/c/Users/rmcquen/slt-ui/src/services/slt-class-times/index.js","statementMap":{"0":{"start":{"line":6,"column":40},"end":{"line":12,"column":2}},"1":{"start":{"line":14,"column":0},"end":{"line":14,"column":33}}},"fnMap":{},"branchMap":{},"s":{"0":1,"1":1},"f":{},"b":{},"_coverageSchema":"332fd63041d2c1bcb487cc26dd0d5f7d97098a6c","hash":"6821ababf33cc6c2cf463afc24d0f3c9c00b803b"}
,"/mnt/c/Users/rmcquen/slt-ui/src/services/slt-stores/actions.js": {"path":"/mnt/c/Users/rmcquen/slt-ui/src/services/slt-stores/actions.js","statementMap":{"0":{"start":{"line":5,"column":27},"end":{"line":5,"column":86}},"1":{"start":{"line":6,"column":19},"end":{"line":6,"column":56}},"2":{"start":{"line":9,"column":13},"end":{"line":28,"column":3}},"3":{"start":{"line":11,"column":2},"end":{"line":26,"column":3}},"4":{"start":{"line":12,"column":3},"end":{"line":12,"column":40}},"5":{"start":{"line":13,"column":3},"end":{"line":13,"column":42}},"6":{"start":{"line":14,"column":3},"end":{"line":14,"column":40}},"7":{"start":{"line":18,"column":3},"end":{"line":18,"column":28}},"8":{"start":{"line":20,"column":17},"end":{"line":20,"column":48}},"9":{"start":{"line":21,"column":3},"end":{"line":21,"column":25}},"10":{"start":{"line":22,"column":3},"end":{"line":22,"column":85}},"11":{"start":{"line":24,"column":3},"end":{"line":24,"column":62}},"12":{"start":{"line":25,"column":3},"end":{"line":25,"column":15}},"13":{"start":{"line":27,"column":2},"end":{"line":27,"column":15}},"14":{"start":{"line":29,"column":1},"end":{"line":29,"column":14}},"15":{"start":{"line":32,"column":26},"end":{"line":48,"column":1}},"16":{"start":{"line":33,"column":1},"end":{"line":47,"column":3}},"17":{"start":{"line":34,"column":2},"end":{"line":34,"column":40}},"18":{"start":{"line":35,"column":2},"end":{"line":46,"column":3}},"19":{"start":{"line":36,"column":3},"end":{"line":36,"column":41}},"20":{"start":{"line":37,"column":3},"end":{"line":43,"column":6}},"21":{"start":{"line":38,"column":15},"end":{"line":38,"column":69}},"22":{"start":{"line":40,"column":4},"end":{"line":40,"column":42}},"23":{"start":{"line":41,"column":4},"end":{"line":41,"column":43}},"24":{"start":{"line":42,"column":4},"end":{"line":42,"column":44}},"25":{"start":{"line":45,"column":3},"end":{"line":45,"column":87}}},"fnMap":{"0":{"name":"removeInactiveStores","decl":{"start":{"line":8,"column":9},"end":{"line":8,"column":29}},"loc":{"start":{"line":8,"column":41},"end":{"line":30,"column":1}},"line":8},"1":{"name":"(anonymous_1)","decl":{"start":{"line":9,"column":30},"end":{"line":9,"column":31}},"loc":{"start":{"line":9,"column":44},"end":{"line":28,"column":2}},"line":9},"2":{"name":"(anonymous_2)","decl":{"start":{"line":32,"column":26},"end":{"line":32,"column":27}},"loc":{"start":{"line":32,"column":58},"end":{"line":48,"column":1}},"line":32},"3":{"name":"(anonymous_3)","decl":{"start":{"line":33,"column":8},"end":{"line":33,"column":9}},"loc":{"start":{"line":33,"column":22},"end":{"line":47,"column":2}},"line":33},"4":{"name":"(anonymous_4)","decl":{"start":{"line":37,"column":45},"end":{"line":37,"column":46}},"loc":{"start":{"line":37,"column":55},"end":{"line":43,"column":4}},"line":37}},"branchMap":{"0":{"loc":{"start":{"line":5,"column":27},"end":{"line":5,"column":86}},"type":"binary-expr","locations":[{"start":{"line":5,"column":27},"end":{"line":5,"column":57}},{"start":{"line":5,"column":61},"end":{"line":5,"column":86}}],"line":5},"1":{"loc":{"start":{"line":11,"column":2},"end":{"line":26,"column":3}},"type":"if","locations":[{"start":{"line":11,"column":2},"end":{"line":26,"column":3}},{"start":{"line":11,"column":2},"end":{"line":26,"column":3}}],"line":11},"2":{"loc":{"start":{"line":11,"column":6},"end":{"line":11,"column":84}},"type":"binary-expr","locations":[{"start":{"line":11,"column":6},"end":{"line":11,"column":18}},{"start":{"line":11,"column":22},"end":{"line":11,"column":43}},{"start":{"line":11,"column":47},"end":{"line":11,"column":63}},{"start":{"line":11,"column":67},"end":{"line":11,"column":84}}],"line":11},"3":{"loc":{"start":{"line":32,"column":40},"end":{"line":32,"column":53}},"type":"default-arg","locations":[{"start":{"line":32,"column":48},"end":{"line":32,"column":53}}],"line":32},"4":{"loc":{"start":{"line":35,"column":2},"end":{"line":46,"column":3}},"type":"if","locations":[{"start":{"line":35,"column":2},"end":{"line":46,"column":3}},{"start":{"line":35,"column":2},"end":{"line":46,"column":3}}],"line":35},"5":{"loc":{"start":{"line":35,"column":6},"end":{"line":35,"column":64}},"type":"binary-expr","locations":[{"start":{"line":35,"column":6},"end":{"line":35,"column":46}},{"start":{"line":35,"column":50},"end":{"line":35,"column":64}}],"line":35}},"s":{"0":2,"1":2,"2":0,"3":0,"4":0,"5":0,"6":0,"7":0,"8":0,"9":0,"10":0,"11":0,"12":0,"13":0,"14":0,"15":2,"16":2,"17":2,"18":2,"19":2,"20":2,"21":0,"22":0,"23":0,"24":0,"25":0},"f":{"0":0,"1":0,"2":2,"3":2,"4":0},"b":{"0":[2,2],"1":[0,0],"2":[0,0,0,0],"3":[2],"4":[2,0],"5":[2,0]},"_coverageSchema":"332fd63041d2c1bcb487cc26dd0d5f7d97098a6c","hash":"b159ab5eee22ce9a1f872ada84802587e2f72961"}
,"/mnt/c/Users/rmcquen/slt-ui/src/services/slt-stores/filters.js": {"path":"/mnt/c/Users/rmcquen/slt-ui/src/services/slt-stores/filters.js","statementMap":{"0":{"start":{"line":1,"column":41},"end":{"line":5,"column":1}},"1":{"start":{"line":2,"column":1},"end":{"line":4,"column":4}},"2":{"start":{"line":3,"column":2},"end":{"line":3,"column":34}},"3":{"start":{"line":7,"column":31},"end":{"line":11,"column":7}},"4":{"start":{"line":8,"column":1},"end":{"line":11,"column":7}},"5":{"start":{"line":9,"column":2},"end":{"line":9,"column":27}},"6":{"start":{"line":10,"column":2},"end":{"line":10,"column":13}}},"fnMap":{"0":{"name":"(anonymous_0)","decl":{"start":{"line":1,"column":41},"end":{"line":1,"column":42}},"loc":{"start":{"line":1,"column":57},"end":{"line":5,"column":1}},"line":1},"1":{"name":"(anonymous_1)","decl":{"start":{"line":2,"column":27},"end":{"line":2,"column":28}},"loc":{"start":{"line":2,"column":37},"end":{"line":4,"column":2}},"line":2},"2":{"name":"(anonymous_2)","decl":{"start":{"line":7,"column":31},"end":{"line":7,"column":32}},"loc":{"start":{"line":8,"column":1},"end":{"line":11,"column":7}},"line":8},"3":{"name":"(anonymous_3)","decl":{"start":{"line":8,"column":14},"end":{"line":8,"column":15}},"loc":{"start":{"line":8,"column":29},"end":{"line":11,"column":2}},"line":8}},"branchMap":{"0":{"loc":{"start":{"line":1,"column":42},"end":{"line":1,"column":52}},"type":"default-arg","locations":[{"start":{"line":1,"column":50},"end":{"line":1,"column":52}}],"line":1},"1":{"loc":{"start":{"line":3,"column":9},"end":{"line":3,"column":33}},"type":"cond-expr","locations":[{"start":{"line":3,"column":27},"end":{"line":3,"column":29}},{"start":{"line":3,"column":32},"end":{"line":3,"column":33}}],"line":3},"2":{"loc":{"start":{"line":7,"column":32},"end":{"line":7,"column":42}},"type":"default-arg","locations":[{"start":{"line":7,"column":40},"end":{"line":7,"column":42}}],"line":7}},"s":{"0":2,"1":0,"2":0,"3":2,"4":0,"5":0,"6":0},"f":{"0":0,"1":0,"2":0,"3":0},"b":{"0":[0],"1":[0,0],"2":[0]},"_coverageSchema":"332fd63041d2c1bcb487cc26dd0d5f7d97098a6c","hash":"02569ab10a21fbca5a7ad31ba96353e11370b4e6"}
,"/mnt/c/Users/rmcquen/slt-ui/src/services/slt-stores/index.js": {"path":"/mnt/c/Users/rmcquen/slt-ui/src/services/slt-stores/index.js","statementMap":{"0":{"start":{"line":8,"column":40},"end":{"line":17,"column":2}},"1":{"start":{"line":19,"column":0},"end":{"line":19,"column":33}},"2":{"start":{"line":20,"column":0},"end":{"line":20,"column":37}}},"fnMap":{},"branchMap":{},"s":{"0":2,"1":2,"2":2},"f":{},"b":{},"_coverageSchema":"332fd63041d2c1bcb487cc26dd0d5f7d97098a6c","hash":"9da22beac45c698b36dc9f652ce0dd1249a195c4"}
,"/mnt/c/Users/rmcquen/slt-ui/src/services/slt-stores/selectors.js": {"path":"/mnt/c/Users/rmcquen/slt-ui/src/services/slt-stores/selectors.js","statementMap":{"0":{"start":{"line":4,"column":28},"end":{"line":4,"column":94}},"1":{"start":{"line":4,"column":43},"end":{"line":4,"column":94}},"2":{"start":{"line":6,"column":38},"end":{"line":7,"column":62}},"3":{"start":{"line":7,"column":1},"end":{"line":7,"column":62}},"4":{"start":{"line":9,"column":37},"end":{"line":13,"column":2}},"5":{"start":{"line":10,"column":1},"end":{"line":13,"column":2}},"6":{"start":{"line":12,"column":27},"end":{"line":12,"column":46}}},"fnMap":{"0":{"name":"(anonymous_0)","decl":{"start":{"line":4,"column":28},"end":{"line":4,"column":29}},"loc":{"start":{"line":4,"column":43},"end":{"line":4,"column":94}},"line":4},"1":{"name":"(anonymous_1)","decl":{"start":{"line":6,"column":38},"end":{"line":6,"column":39}},"loc":{"start":{"line":7,"column":1},"end":{"line":7,"column":62}},"line":7},"2":{"name":"(anonymous_2)","decl":{"start":{"line":9,"column":37},"end":{"line":9,"column":38}},"loc":{"start":{"line":10,"column":1},"end":{"line":13,"column":2}},"line":10},"3":{"name":"(anonymous_3)","decl":{"start":{"line":12,"column":2},"end":{"line":12,"column":3}},"loc":{"start":{"line":12,"column":27},"end":{"line":12,"column":46}},"line":12}},"branchMap":{},"s":{"0":2,"1":4,"2":2,"3":2,"4":2,"5":2,"6":0},"f":{"0":4,"1":2,"2":2,"3":0},"b":{},"_coverageSchema":"332fd63041d2c1bcb487cc26dd0d5f7d97098a6c","hash":"e87f870d4289a13e3c3188c416ea137a7fb6aee9"}
,"/mnt/c/Users/rmcquen/slt-ui/src/utils/storeTools/index.js": {"path":"/mnt/c/Users/rmcquen/slt-ui/src/utils/storeTools/index.js","statementMap":{"0":{"start":{"line":5,"column":25},"end":{"line":5,"column":79}},"1":{"start":{"line":7,"column":16},"end":{"line":7,"column":69}},"2":{"start":{"line":7,"column":64},"end":{"line":7,"column":69}},"3":{"start":{"line":9,"column":16},"end":{"line":13,"column":1}},"4":{"start":{"line":15,"column":23},"end":{"line":23,"column":1}},"5":{"start":{"line":16,"column":15},"end":{"line":20,"column":2}},"6":{"start":{"line":17,"column":73},"end":{"line":17,"column":78}},"7":{"start":{"line":21,"column":1},"end":{"line":21,"column":69}},"8":{"start":{"line":22,"column":1},"end":{"line":22,"column":14}},"9":{"start":{"line":27,"column":1},"end":{"line":30,"column":3}},"10":{"start":{"line":32,"column":1},"end":{"line":32,"column":60}},"11":{"start":{"line":36,"column":1},"end":{"line":38,"column":2}},"12":{"start":{"line":37,"column":2},"end":{"line":37,"column":51}},"13":{"start":{"line":39,"column":1},"end":{"line":39,"column":60}}},"fnMap":{"0":{"name":"(anonymous_0)","decl":{"start":{"line":7,"column":53},"end":{"line":7,"column":54}},"loc":{"start":{"line":7,"column":64},"end":{"line":7,"column":69}},"line":7},"1":{"name":"(anonymous_1)","decl":{"start":{"line":15,"column":23},"end":{"line":15,"column":24}},"loc":{"start":{"line":15,"column":58},"end":{"line":23,"column":1}},"line":15},"2":{"name":"(anonymous_2)","decl":{"start":{"line":17,"column":62},"end":{"line":17,"column":63}},"loc":{"start":{"line":17,"column":73},"end":{"line":17,"column":78}},"line":17},"3":{"name":"addAsyncReducers","decl":{"start":{"line":26,"column":16},"end":{"line":26,"column":32}},"loc":{"start":{"line":26,"column":60},"end":{"line":33,"column":1}},"line":26},"4":{"name":"removeAsyncReducers","decl":{"start":{"line":35,"column":16},"end":{"line":35,"column":35}},"loc":{"start":{"line":35,"column":67},"end":{"line":40,"column":1}},"line":35}},"branchMap":{"0":{"loc":{"start":{"line":5,"column":25},"end":{"line":5,"column":79}},"type":"binary-expr","locations":[{"start":{"line":5,"column":25},"end":{"line":5,"column":68}},{"start":{"line":5,"column":72},"end":{"line":5,"column":79}}],"line":5},"1":{"loc":{"start":{"line":7,"column":16},"end":{"line":7,"column":69}},"type":"cond-expr","locations":[{"start":{"line":7,"column":36},"end":{"line":7,"column":50}},{"start":{"line":7,"column":53},"end":{"line":7,"column":69}}],"line":7},"2":{"loc":{"start":{"line":17,"column":2},"end":{"line":17,"column":78}},"type":"cond-expr","locations":[{"start":{"line":17,"column":20},"end":{"line":17,"column":59}},{"start":{"line":17,"column":62},"end":{"line":17,"column":78}}],"line":17},"3":{"loc":{"start":{"line":21,"column":23},"end":{"line":21,"column":68}},"type":"cond-expr","locations":[{"start":{"line":21,"column":41},"end":{"line":21,"column":63}},{"start":{"line":21,"column":66},"end":{"line":21,"column":68}}],"line":21},"4":{"loc":{"start":{"line":26,"column":40},"end":{"line":26,"column":58}},"type":"default-arg","locations":[{"start":{"line":26,"column":56},"end":{"line":26,"column":58}}],"line":26},"5":{"loc":{"start":{"line":35,"column":43},"end":{"line":35,"column":65}},"type":"default-arg","locations":[{"start":{"line":35,"column":63},"end":{"line":35,"column":65}}],"line":35}},"s":{"0":10,"1":10,"2":10,"3":10,"4":10,"5":10,"6":10,"7":10,"8":10,"9":10,"10":10,"11":0,"12":0,"13":0},"f":{"0":10,"1":10,"2":10,"3":10,"4":0},"b":{"0":[10,10],"1":[0,10],"2":[0,10],"3":[0,10],"4":[0],"5":[0]},"_coverageSchema":"332fd63041d2c1bcb487cc26dd0d5f7d97098a6c","hash":"0b5260863fa8d0fefa94a82d3371d87596e9003c"}
}
