TN:
SF:/mnt/c/Users/rmcquen/slt-ui/src/ComparisonChart/ComparisonBar/ComparisonBar.js
FN:21,(anonymous_0)
FN:33,(anonymous_1)
FN:45,(anonymous_2)
FN:70,(anonymous_3)
FN:98,(anonymous_4)
FN:144,(anonymous_5)
FNF:6
FNH:0
FNDA:0,(anonymous_0)
FNDA:0,(anonymous_1)
FNDA:0,(anonymous_2)
FNDA:0,(anonymous_3)
FNDA:0,(anonymous_4)
FNDA:0,(anonymous_5)
DA:18,1
DA:22,0
DA:31,0
DA:33,0
DA:35,0
DA:46,0
DA:75,0
DA:78,0
DA:80,0
DA:99,0
DA:136,1
DA:140,1
DA:145,0
DA:146,0
DA:151,0
LF:15
LH:3
BRDA:33,0,0,0
BRDA:33,0,1,0
BRDA:33,0,2,0
BRDA:69,1,0,0
BRDA:69,1,1,0
BRDA:75,2,0,0
BRDA:75,2,1,0
BRDA:78,3,0,0
BRDA:78,3,1,0
BRDA:84,4,0,0
BRDA:84,4,1,0
BRDA:94,5,0,0
BRDA:94,5,1,0
BRDA:145,6,0,0
BRDA:145,6,1,0
BRF:15
BRH:0
end_of_record
TN:
SF:/mnt/c/Users/rmcquen/slt-ui/src/ComparisonChart/ComparisonCheckbox/ComparisonCheckbox.js
FN:15,(anonymous_0)
FN:23,(anonymous_1)
FN:53,(anonymous_2)
FNF:3
FNH:0
FNDA:0,(anonymous_0)
FNDA:0,(anonymous_1)
FNDA:0,(anonymous_2)
DA:12,1
DA:16,0
DA:17,0
DA:24,0
DA:42,1
DA:48,1
DA:54,0
DA:55,0
DA:58,0
DA:59,0
DA:60,0
DA:61,0
DA:62,0
DA:67,0
DA:68,0
LF:15
LH:3
BRDA:16,0,0,0
BRDA:34,1,0,0
BRDA:34,1,1,0
BRDA:54,2,0,0
BRDA:54,2,1,0
BRDA:58,3,0,0
BRDA:58,3,1,0
BRDA:60,4,0,0
BRDA:60,4,1,0
BRDA:67,5,0,0
BRDA:67,5,1,0
BRDA:67,5,2,0
BRF:12
BRH:0
end_of_record
TN:
SF:/mnt/c/Users/rmcquen/slt-ui/src/ComparisonChart/ComparisonTable/ComparisonTable.js
FN:69,(anonymous_0)
FN:81,(anonymous_1)
FN:92,(anonymous_2)
FN:106,(anonymous_3)
FN:119,(anonymous_4)
FN:126,(anonymous_5)
FN:140,(anonymous_6)
FN:177,(anonymous_7)
FN:221,(anonymous_8)
FN:233,(anonymous_9)
FN:261,(anonymous_10)
FN:280,(anonymous_11)
FN:311,(anonymous_12)
FN:344,(anonymous_13)
FN:451,(anonymous_14)
FNF:15
FNH:0
FNDA:0,(anonymous_0)
FNDA:0,(anonymous_1)
FNDA:0,(anonymous_2)
FNDA:0,(anonymous_3)
FNDA:0,(anonymous_4)
FNDA:0,(anonymous_5)
FNDA:0,(anonymous_6)
FNDA:0,(anonymous_7)
FNDA:0,(anonymous_8)
FNDA:0,(anonymous_9)
FNDA:0,(anonymous_10)
FNDA:0,(anonymous_11)
FNDA:0,(anonymous_12)
FNDA:0,(anonymous_13)
FNDA:0,(anonymous_14)
DA:24,2
DA:26,2
DA:32,2
DA:38,2
DA:45,2
DA:69,2
DA:82,0
DA:83,0
DA:90,0
DA:92,0
DA:93,0
DA:95,0
DA:97,0
DA:98,0
DA:99,0
DA:100,0
DA:101,0
DA:107,0
DA:108,0
DA:116,0
DA:120,0
DA:121,0
DA:123,0
DA:127,0
DA:131,0
DA:132,0
DA:133,0
DA:134,0
DA:136,0
DA:141,0
DA:143,0
DA:144,0
DA:146,0
DA:178,0
DA:222,0
DA:223,0
DA:234,0
DA:262,0
DA:281,0
DA:312,0
DA:315,0
DA:316,0
DA:317,0
DA:319,0
DA:345,0
DA:351,0
DA:352,0
DA:357,0
DA:358,0
DA:368,0
DA:375,0
DA:388,0
DA:391,0
DA:392,0
DA:393,0
DA:400,0
DA:404,0
DA:410,0
DA:444,2
DA:447,2
DA:452,0
DA:453,0
DA:458,0
LF:63
LH:8
BRDA:83,0,0,0
BRDA:83,0,1,0
BRDA:84,1,0,0
BRDA:84,1,1,0
BRDA:84,1,2,0
BRDA:84,1,3,0
BRDA:95,2,0,0
BRDA:95,2,1,0
BRDA:98,3,0,0
BRDA:98,3,1,0
BRDA:98,4,0,0
BRDA:98,4,1,0
BRDA:107,5,0,0
BRDA:107,5,1,0
BRDA:107,6,0,0
BRDA:107,6,1,0
BRDA:120,7,0,0
BRDA:120,7,1,0
BRDA:120,8,0,0
BRDA:120,8,1,0
BRDA:127,9,0,0
BRDA:127,9,1,0
BRDA:134,10,0,0
BRDA:134,10,1,0
BRDA:143,11,0,0
BRDA:143,11,1,0
BRDA:223,12,0,0
BRDA:223,12,1,0
BRDA:276,13,0,0
BRDA:276,13,1,0
BRDA:281,14,0,0
BRDA:281,14,1,0
BRDA:315,15,0,0
BRDA:315,15,1,0
BRDA:325,16,0,0
BRDA:325,16,1,0
BRDA:325,16,2,0
BRDA:352,17,0,0
BRDA:352,17,1,0
BRDA:357,18,0,0
BRDA:357,18,1,0
BRDA:368,19,0,0
BRDA:368,19,1,0
BRDA:391,20,0,0
BRDA:391,20,1,0
BRDA:400,21,0,0
BRDA:400,21,1,0
BRDA:452,22,0,0
BRDA:452,22,1,0
BRF:49
BRH:0
end_of_record
TN:
SF:/mnt/c/Users/rmcquen/slt-ui/src/ComparisonChart/services/index.js
FNF:0
FNH:0
DA:6,3
LF:1
LH:1
BRF:0
BRH:0
end_of_record
TN:
SF:/mnt/c/Users/rmcquen/slt-ui/src/ComparisonChart/services/actions/index.js
FNF:0
FNH:0
LF:0
LH:0
BRF:0
BRH:0
end_of_record
TN:
SF:/mnt/c/Users/rmcquen/slt-ui/src/ComparisonChart/services/actions/productComparisonActions.js
FN:1,(anonymous_0)
FN:5,(anonymous_1)
FN:10,(anonymous_2)
FN:15,(anonymous_3)
FN:20,(anonymous_4)
FN:28,(anonymous_5)
FN:29,(anonymous_6)
FN:33,(anonymous_7)
FNF:8
FNH:0
FNDA:0,(anonymous_0)
FNDA:0,(anonymous_1)
FNDA:0,(anonymous_2)
FNDA:0,(anonymous_3)
FNDA:0,(anonymous_4)
FNDA:0,(anonymous_5)
FNDA:0,(anonymous_6)
FNDA:0,(anonymous_7)
DA:1,3
DA:5,3
DA:10,3
DA:15,3
DA:20,3
DA:26,3
DA:28,3
DA:29,0
DA:30,0
DA:31,0
DA:33,0
DA:35,0
DA:36,0
DA:37,0
LF:14
LH:7
BRDA:30,0,0,0
BRDA:30,0,1,0
BRF:2
BRH:0
end_of_record
TN:
SF:/mnt/c/Users/rmcquen/slt-ui/src/ComparisonChart/services/reducers/index.js
FNF:0
FNH:0
LF:0
LH:0
BRF:0
BRH:0
end_of_record
TN:
SF:/mnt/c/Users/rmcquen/slt-ui/src/ComparisonChart/services/reducers/productComparisonReducer.js
FN:1,(anonymous_0)
FN:29,(anonymous_1)
FNF:2
FNH:1
FNDA:9,(anonymous_0)
FNDA:0,(anonymous_1)
DA:1,3
DA:2,9
DA:3,9
DA:5,9
DA:7,0
DA:12,0
DA:13,0
DA:14,0
DA:15,0
DA:19,0
DA:25,0
DA:29,0
DA:33,0
DA:39,0
DA:48,9
LF:15
LH:5
BRDA:1,0,0,9
BRDA:2,1,0,0
BRDA:2,1,1,9
BRDA:3,2,0,9
BRDA:3,2,1,9
BRDA:5,3,0,0
BRDA:5,3,1,0
BRDA:5,3,2,0
BRDA:5,3,3,0
BRDA:5,3,4,0
BRDA:5,3,5,9
BRDA:13,4,0,0
BRDA:13,4,1,0
BRDA:27,5,0,0
BRDA:27,5,1,0
BRF:15
BRH:5
end_of_record
TN:
SF:/mnt/c/Users/rmcquen/slt-ui/src/DateTimePicker/DateTimePicker.js
FN:28,(anonymous_0)
FN:39,(anonymous_1)
FN:44,(anonymous_2)
FN:59,(anonymous_3)
FN:67,(anonymous_4)
FN:88,(anonymous_5)
FN:94,(anonymous_6)
FN:106,(anonymous_7)
FN:111,(anonymous_8)
FN:111,(anonymous_9)
FN:117,(anonymous_10)
FN:132,(anonymous_11)
FN:138,(anonymous_12)
FN:141,(anonymous_13)
FN:143,(anonymous_14)
FN:155,(anonymous_15)
FN:268,(anonymous_16)
FNF:17
FNH:1
FNDA:0,(anonymous_0)
FNDA:0,(anonymous_1)
FNDA:0,(anonymous_2)
FNDA:2,(anonymous_3)
FNDA:0,(anonymous_4)
FNDA:0,(anonymous_5)
FNDA:0,(anonymous_6)
FNDA:0,(anonymous_7)
FNDA:0,(anonymous_8)
FNDA:0,(anonymous_9)
FNDA:0,(anonymous_10)
FNDA:0,(anonymous_11)
FNDA:0,(anonymous_12)
FNDA:0,(anonymous_13)
FNDA:0,(anonymous_14)
FNDA:0,(anonymous_15)
FNDA:0,(anonymous_16)
DA:26,1
DA:28,1
DA:39,1
DA:44,1
DA:45,0
DA:48,1
DA:49,1
DA:50,1
DA:54,1
DA:59,2
DA:67,1
DA:80,1
DA:81,1
DA:89,0
DA:90,0
DA:92,0
DA:94,0
DA:95,0
DA:97,0
DA:99,0
DA:100,0
DA:101,0
DA:102,0
DA:107,0
DA:111,0
DA:112,0
DA:118,0
DA:119,0
DA:127,0
DA:133,0
DA:134,0
DA:136,0
DA:139,0
DA:142,0
DA:144,0
DA:156,0
DA:158,0
DA:259,1
DA:266,1
DA:268,0
LF:40
LH:14
BRDA:90,0,0,0
BRDA:90,0,1,0
BRDA:97,1,0,0
BRDA:97,1,1,0
BRDA:100,2,0,0
BRDA:100,2,1,0
BRDA:100,3,0,0
BRDA:100,3,1,0
BRDA:108,4,0,0
BRDA:108,4,1,0
BRDA:113,5,0,0
BRDA:113,5,1,0
BRDA:118,6,0,0
BRDA:118,6,1,0
BRDA:133,7,0,0
BRDA:133,7,1,0
BRDA:142,8,0,0
BRDA:142,8,1,0
BRDA:164,9,0,0
BRDA:164,9,1,0
BRDA:270,10,0,0
BRDA:270,10,1,0
BRF:22
BRH:0
end_of_record
TN:
SF:/mnt/c/Users/rmcquen/slt-ui/src/LocationButton/LocationButton.js
FN:11,(anonymous_0)
FN:27,(anonymous_1)
FN:36,(anonymous_2)
FN:43,(anonymous_3)
FN:46,(anonymous_4)
FN:62,(anonymous_5)
FNF:6
FNH:0
FNDA:0,(anonymous_0)
FNDA:0,(anonymous_1)
FNDA:0,(anonymous_2)
FNDA:0,(anonymous_3)
FNDA:0,(anonymous_4)
FNDA:0,(anonymous_5)
DA:11,2
DA:12,0
DA:28,0
DA:29,0
DA:32,0
DA:33,0
DA:34,0
DA:37,0
DA:44,0
DA:50,0
DA:51,0
DA:52,0
DA:63,0
DA:64,0
DA:65,0
DA:66,0
DA:67,0
DA:69,0
DA:83,2
DA:86,2
LF:20
LH:3
BRDA:51,0,0,0
BRDA:51,0,1,0
BRDA:64,1,0,0
BRDA:66,2,0,0
BRDA:66,2,1,0
BRF:5
BRH:0
end_of_record
TN:
SF:/mnt/c/Users/rmcquen/slt-ui/src/LocationButton/index.js
FNF:0
FNH:0
LF:0
LH:0
BRF:0
BRH:0
end_of_record
TN:
SF:/mnt/c/Users/rmcquen/slt-ui/src/LocationField/LocationField.js
FN:11,(anonymous_0)
FN:39,(anonymous_1)
FN:49,(anonymous_2)
FN:60,(anonymous_3)
FN:64,(anonymous_4)
FN:80,(anonymous_5)
FN:124,(anonymous_6)
FNF:7
FNH:0
FNDA:0,(anonymous_0)
FNDA:0,(anonymous_1)
FNDA:0,(anonymous_2)
FNDA:0,(anonymous_3)
FNDA:0,(anonymous_4)
FNDA:0,(anonymous_5)
FNDA:0,(anonymous_6)
DA:11,2
DA:12,0
DA:13,0
DA:40,0
DA:41,0
DA:46,0
DA:47,0
DA:50,0
DA:51,0
DA:52,0
DA:53,0
DA:61,0
DA:62,0
DA:65,0
DA:66,0
DA:67,0
DA:68,0
DA:69,0
DA:71,0
DA:74,0
DA:75,0
DA:77,0
DA:81,0
DA:82,0
DA:83,0
DA:118,2
DA:125,0
LF:27
LH:2
BRDA:52,0,0,0
BRDA:52,0,1,0
BRDA:67,1,0,0
BRDA:67,1,1,0
BRDA:68,2,0,0
BRDA:68,2,1,0
BRDA:74,3,0,0
BRDA:74,3,1,0
BRF:8
BRH:0
end_of_record
TN:
SF:/mnt/c/Users/rmcquen/slt-ui/src/LocationField/index.js
FNF:0
FNH:0
LF:0
LH:0
BRF:0
BRH:0
end_of_record
TN:
SF:/mnt/c/Users/rmcquen/slt-ui/src/StoreCard/StoreCard.js
FN:10,(anonymous_0)
FN:24,(anonymous_1)
FN:27,(anonymous_2)
FNF:3
FNH:0
FNDA:0,(anonymous_0)
FNDA:0,(anonymous_1)
FNDA:0,(anonymous_2)
DA:10,3
DA:25,0
DA:37,0
DA:41,0
DA:42,0
DA:43,0
DA:44,0
DA:45,0
DA:54,0
DA:55,0
DA:64,0
DA:120,3
LF:12
LH:2
BRDA:33,0,0,0
BRDA:34,1,0,0
BRDA:35,2,0,0
BRDA:41,3,0,0
BRDA:41,3,1,0
BRDA:44,4,0,0
BRDA:44,4,1,0
BRDA:54,5,0,0
BRDA:54,5,1,0
BRDA:54,6,0,0
BRDA:54,6,1,0
BRDA:92,7,0,0
BRDA:92,7,1,0
BRDA:92,8,0,0
BRDA:92,8,1,0
BRDA:103,9,0,0
BRDA:103,9,1,0
BRF:17
BRH:0
end_of_record
TN:
SF:/mnt/c/Users/rmcquen/slt-ui/src/StoreCard/index.js
FNF:0
FNH:0
LF:0
LH:0
BRF:0
BRH:0
end_of_record
TN:
SF:/mnt/c/Users/rmcquen/slt-ui/src/StoreList/StoreList.js
FN:13,(anonymous_0)
FN:29,(anonymous_1)
FN:32,(anonymous_2)
FN:64,(anonymous_3)
FN:108,(anonymous_4)
FNF:5
FNH:0
FNDA:0,(anonymous_0)
FNDA:0,(anonymous_1)
FNDA:0,(anonymous_2)
FNDA:0,(anonymous_3)
FNDA:0,(anonymous_4)
DA:13,2
DA:14,0
DA:30,0
DA:34,0
DA:36,0
DA:37,0
DA:39,0
DA:40,0
DA:41,0
DA:65,0
DA:66,0
DA:68,0
DA:71,0
DA:72,0
DA:85,0
DA:96,2
DA:102,2
DA:108,2
DA:109,0
DA:111,0
DA:115,0
LF:21
LH:4
BRDA:34,0,0,0
BRDA:36,1,0,0
BRDA:36,1,1,0
BRDA:47,2,0,0
BRDA:47,2,1,0
BRDA:48,3,0,0
BRDA:48,3,1,0
BRDA:65,4,0,0
BRDA:65,4,1,0
BRDA:71,5,0,0
BRDA:71,5,1,0
BRDA:77,6,0,0
BRDA:77,6,1,0
BRDA:111,7,0,0
BRDA:111,7,1,0
BRF:15
BRH:0
end_of_record
TN:
SF:/mnt/c/Users/rmcquen/slt-ui/src/StoreList/index.js
FNF:0
FNH:0
LF:0
LH:0
BRF:0
BRH:0
end_of_record
TN:
SF:/mnt/c/Users/rmcquen/slt-ui/src/StoreList/selectors/index.js
FN:7,haversineDistance
FN:26,haversineSort
FN:28,(anonymous_2)
FN:39,(anonymous_3)
FN:43,(anonymous_4)
FNF:5
FNH:0
FNDA:0,haversineDistance
FNDA:0,haversineSort
FNDA:0,(anonymous_2)
FNDA:0,(anonymous_3)
FNDA:0,(anonymous_4)
DA:8,0
DA:9,0
DA:10,0
DA:11,0
DA:13,0
DA:15,0
DA:16,0
DA:17,0
DA:18,0
DA:19,0
DA:21,0
DA:22,0
DA:24,0
DA:27,0
DA:29,0
DA:39,0
DA:41,2
DA:44,0
DA:45,0
DA:47,0
LF:20
LH:1
BRDA:18,0,0,0
BRDA:18,0,1,0
BRDA:21,1,0,0
BRDA:21,1,1,0
BRDA:26,2,0,0
BRDA:26,3,0,0
BRDA:43,4,0,0
BRDA:44,5,0,0
BRDA:44,5,1,0
BRF:9
BRH:0
end_of_record
TN:
SF:/mnt/c/Users/rmcquen/slt-ui/src/StoreProvider/StoreProvider.js
FN:8,(anonymous_0)
FNF:1
FNH:1
FNDA:10,(anonymous_0)
DA:6,10
DA:8,10
DA:9,10
DA:14,10
LF:4
LH:4
BRF:0
BRH:0
end_of_record
TN:
SF:/mnt/c/Users/rmcquen/slt-ui/src/StoreProvider/index.js
FNF:0
FNH:0
LF:0
LH:0
BRF:0
BRH:0
end_of_record
TN:
SF:/mnt/c/Users/rmcquen/slt-ui/src/StoreSelector/StoreSelector.js
FN:22,(anonymous_0)
FN:49,(anonymous_1)
FN:63,(anonymous_2)
FN:68,(anonymous_3)
FN:71,(anonymous_4)
FN:80,(anonymous_5)
FN:81,(anonymous_6)
FN:87,(anonymous_7)
FN:204,(anonymous_8)
FNF:9
FNH:0
FNDA:0,(anonymous_0)
FNDA:0,(anonymous_1)
FNDA:0,(anonymous_2)
FNDA:0,(anonymous_3)
FNDA:0,(anonymous_4)
FNDA:0,(anonymous_5)
FNDA:0,(anonymous_6)
FNDA:0,(anonymous_7)
FNDA:0,(anonymous_8)
DA:22,1
DA:23,0
DA:50,0
DA:51,0
DA:56,0
DA:57,0
DA:58,0
DA:59,0
DA:60,0
DA:61,0
DA:64,0
DA:69,0
DA:72,0
DA:73,0
DA:74,0
DA:75,0
DA:76,0
DA:78,0
DA:81,0
DA:82,0
DA:83,0
DA:85,0
DA:88,0
DA:89,0
DA:92,0
DA:148,0
DA:149,0
DA:164,0
DA:165,0
DA:190,0
DA:199,1
DA:202,1
DA:204,1
DA:205,0
LF:34
LH:4
BRDA:74,0,0,0
BRDA:74,0,1,0
BRDA:74,1,0,0
BRDA:74,1,1,0
BRDA:129,2,0,0
BRDA:129,2,1,0
BRDA:148,3,0,0
BRDA:148,3,1,0
BRF:8
BRH:0
end_of_record
TN:
SF:/mnt/c/Users/rmcquen/slt-ui/src/services/google-maps/actions.js
FN:17,(anonymous_0)
FN:18,(anonymous_1)
FN:24,(anonymous_2)
FN:28,(anonymous_3)
FN:39,(anonymous_4)
FN:40,(anonymous_5)
FN:45,(anonymous_6)
FNF:7
FNH:0
FNDA:0,(anonymous_0)
FNDA:0,(anonymous_1)
FNDA:0,(anonymous_2)
FNDA:0,(anonymous_3)
FNDA:0,(anonymous_4)
FNDA:0,(anonymous_5)
FNDA:0,(anonymous_6)
DA:4,4
DA:5,4
DA:17,4
DA:18,0
DA:19,0
DA:21,0
DA:25,0
DA:26,0
DA:29,0
DA:30,0
DA:39,4
DA:40,0
DA:41,0
DA:42,0
DA:46,0
DA:47,0
LF:16
LH:4
BRDA:4,0,0,4
BRDA:4,0,1,4
BRDA:32,1,0,0
BRDA:32,1,1,0
BRF:4
BRH:2
end_of_record
TN:
SF:/mnt/c/Users/rmcquen/slt-ui/src/services/google-maps/index.js
FNF:0
FNH:0
DA:6,4
DA:15,4
LF:2
LH:2
BRF:0
BRH:0
end_of_record
TN:
SF:/mnt/c/Users/rmcquen/slt-ui/src/services/slt-class-times/actions.js
FN:11,(anonymous_0)
FN:13,(anonymous_1)
FN:13,(anonymous_2)
FN:17,(anonymous_3)
FN:18,(anonymous_4)
FNF:5
FNH:0
FNDA:0,(anonymous_0)
FNDA:0,(anonymous_1)
FNDA:0,(anonymous_2)
FNDA:0,(anonymous_3)
FNDA:0,(anonymous_4)
DA:11,1
DA:13,1
DA:14,0
DA:17,0
DA:19,0
DA:20,0
DA:21,0
DA:22,0
LF:8
LH:2
BRDA:11,0,0,0
BRDA:11,0,1,0
BRF:2
BRH:0
end_of_record
TN:
SF:/mnt/c/Users/rmcquen/slt-ui/src/services/slt-class-times/dummyData.js
FNF:0
FNH:0
LF:0
LH:0
BRF:0
BRH:0
end_of_record
TN:
SF:/mnt/c/Users/rmcquen/slt-ui/src/services/slt-class-times/index.js
FNF:0
FNH:0
DA:6,1
DA:14,1
LF:2
LH:2
BRF:0
BRH:0
end_of_record
TN:
SF:/mnt/c/Users/rmcquen/slt-ui/src/services/slt-stores/actions.js
FN:8,removeInactiveStores
FN:9,(anonymous_1)
FN:32,(anonymous_2)
FN:33,(anonymous_3)
FN:37,(anonymous_4)
FNF:5
FNH:2
FNDA:0,removeInactiveStores
FNDA:0,(anonymous_1)
FNDA:2,(anonymous_2)
FNDA:2,(anonymous_3)
FNDA:0,(anonymous_4)
DA:5,2
DA:6,2
DA:9,0
DA:11,0
DA:12,0
DA:13,0
DA:14,0
DA:18,0
DA:20,0
DA:21,0
DA:22,0
DA:24,0
DA:25,0
DA:27,0
DA:29,0
DA:32,2
DA:33,2
DA:34,2
DA:35,2
DA:36,2
DA:37,2
DA:38,0
DA:40,0
DA:41,0
DA:42,0
DA:45,0
LF:26
LH:8
BRDA:5,0,0,2
BRDA:5,0,1,2
BRDA:11,1,0,0
BRDA:11,1,1,0
BRDA:11,2,0,0
BRDA:11,2,1,0
BRDA:11,2,2,0
BRDA:11,2,3,0
BRDA:32,3,0,2
BRDA:35,4,0,2
BRDA:35,4,1,0
BRDA:35,5,0,2
BRDA:35,5,1,0
BRF:13
BRH:5
end_of_record
TN:
SF:/mnt/c/Users/rmcquen/slt-ui/src/services/slt-stores/filters.js
FN:1,(anonymous_0)
FN:2,(anonymous_1)
FN:7,(anonymous_2)
FN:8,(anonymous_3)
FNF:4
FNH:0
FNDA:0,(anonymous_0)
FNDA:0,(anonymous_1)
FNDA:0,(anonymous_2)
FNDA:0,(anonymous_3)
DA:1,2
DA:2,0
DA:3,0
DA:7,2
DA:8,0
DA:9,0
DA:10,0
LF:7
LH:2
BRDA:1,0,0,0
BRDA:3,1,0,0
BRDA:3,1,1,0
BRDA:7,2,0,0
BRF:4
BRH:0
end_of_record
TN:
SF:/mnt/c/Users/rmcquen/slt-ui/src/services/slt-stores/index.js
FNF:0
FNH:0
DA:8,2
DA:19,2
DA:20,2
LF:3
LH:3
BRF:0
BRH:0
end_of_record
TN:
SF:/mnt/c/Users/rmcquen/slt-ui/src/services/slt-stores/selectors.js
FN:4,(anonymous_0)
FN:6,(anonymous_1)
FN:9,(anonymous_2)
FN:12,(anonymous_3)
FNF:4
FNH:3
FNDA:4,(anonymous_0)
FNDA:2,(anonymous_1)
FNDA:2,(anonymous_2)
FNDA:0,(anonymous_3)
DA:4,4
DA:6,2
DA:7,2
DA:9,2
DA:10,2
DA:12,0
LF:6
LH:5
BRF:0
BRH:0
end_of_record
TN:
SF:/mnt/c/Users/rmcquen/slt-ui/src/utils/storeTools/index.js
FN:7,(anonymous_0)
FN:15,(anonymous_1)
FN:17,(anonymous_2)
FN:26,addAsyncReducers
FN:35,removeAsyncReducers
FNF:5
FNH:4
FNDA:10,(anonymous_0)
FNDA:10,(anonymous_1)
FNDA:10,(anonymous_2)
FNDA:10,addAsyncReducers
FNDA:0,removeAsyncReducers
DA:5,10
DA:7,10
DA:9,10
DA:15,10
DA:16,10
DA:17,10
DA:21,10
DA:22,10
DA:27,10
DA:32,10
DA:36,0
DA:37,0
DA:39,0
LF:13
LH:10
BRDA:5,0,0,10
BRDA:5,0,1,10
BRDA:7,1,0,0
BRDA:7,1,1,10
BRDA:17,2,0,0
BRDA:17,2,1,10
BRDA:21,3,0,0
BRDA:21,3,1,10
BRDA:26,4,0,0
BRDA:35,5,0,0
BRF:10
BRH:5
end_of_record
